21.0505 	EXP 	Created window1 = Window(allowGUI=False, allowStencil=False, autoLog=True, bitsMode=UNKNOWN, blendMode='avg', color=array([ 0.,  0.,  0.]), colorSpace='rgb', fullscr=UNKNOWN, gamma=None, lms=UNKNOWN, monitor=<psychopy.monitors.calibTools.Monitor object at 0x175A1030>, multiSample=False, name='window1', numSamples=2, pos=[0, 0], screen=0, size=array([1280, 1024]), stereo=False, units=u'norm', useFBO=True, useRetina=False, viewOri=0.0, viewPos=None, viewScale=None, waitBlanking=True, winType='pyglet')
21.0506 	EXP 	window1: recordFrameIntervals = False
21.2166 	EXP 	window1: recordFrameIntervals = True
21.4002 	EXP 	window1: recordFrameIntervals = False
21.6839 	WARNING 	psychopy.sound.backend_pyo.init could not find microphone hardware; recording not available
22.6488 	EXP 	Set  sound=C
22.7385 	EXP 	Set  sound=stim/audio_40Hz_L.wav
22.7662 	EXP 	Set  sound=stim/audio_55Hz_L.wav
22.7862 	EXP 	Set  sound=stim/audio_40Hz_R.wav
22.8087 	EXP 	Set  sound=stim/audio_55Hz_R.wav
22.8087 	EXP 	Sound  set volume 1.000
22.8088 	EXP 	Sound  set volume 1.000
22.8088 	EXP 	Sound  set volume 1.000
22.8088 	EXP 	Sound  set volume 1.000
23.4436 	EXP 	Created text_4 = TextStim(alignHoriz='center', alignVert='center', antialias=True, autoLog=True, bold=False, color=u'white', colorSpace='named', contrast=1.0, depth=0.0, flipHoriz=False, flipVert=False, font=u'Arial', fontFiles=[], height=0.1, italic=False, name='text_4', opacity=1.0, ori=0, pos=array([ 0.,  0.]), rgb=array([ 255.,  255.,  255.]), text=u'X', units=u'norm', win=Window(...), wrapWidth=1)
23.7248 	EXP 	Created select_eeg_system = TextStim(alignHoriz='center', alignVert='center', antialias=True, autoLog=True, bold=False, color='white', colorSpace='named', contrast=1.0, depth=-1.0, flipHoriz=False, flipVert=False, font='Arial', fontFiles=[], height=0.1, italic=False, name='select_eeg_system', opacity=1.0, ori=0, pos=array([ 0.,  0.]), rgb=array([ 255.,  255.,  255.]), text=unicode(...), units=u'norm', win=Window(...), wrapWidth=1)
23.8426 	EXP 	Created instr_text = TextStim(alignHoriz='center', alignVert='center', antialias=True, autoLog=True, bold=False, color='white', colorSpace='named', contrast=1.0, depth=0.0, flipHoriz=False, flipVert=False, font='Arial', fontFiles=[], height=0.1, italic=False, name='instr_text', opacity=1.0, ori=0, pos=array([ 0.,  0.]), rgb=array([ 255.,  255.,  255.]), text=unicode(...), units=u'norm', win=Window(...), wrapWidth=1)
23.9804 	EXP 	Created unnamed PatchStim = PatchStim(autoDraw=False, autoLog=True, color=array([-0.5, -0.5, -0.5]), colorSpace='rgb', contrast=1.0, depth=0, interpolate=False, mask='circle', maskParams=None, name='unnamed PatchStim', opacity=1.0, ori=0.0, phase=array([ 0.,  0.]), pos=array([ 0.,  0.]), rgbPedestal=array([ 0.,  0.,  0.]), sf=array([ 1.,  1.]), size=array([ 0.1,  0.1]), tex=None, texRes=128, units=u'norm', win=Window(...))
24.0065 	EXP 	Created end_text = TextStim(alignHoriz='center', alignVert='center', antialias=True, autoLog=True, bold=False, color='white', colorSpace='named', contrast=1.0, depth=0.0, flipHoriz=False, flipVert=False, font='Arial', fontFiles=[], height=0.1, italic=False, name='end_text', opacity=1.0, ori=0, pos=array([ 0.,  0.]), rgb=array([ 255.,  255.,  255.]), text=u'This was the end - Thank you!', units=u'norm', win=Window(...), wrapWidth=1)
24.0242 	EXP 	window1: blendMode = 'avg'
24.0587 	EXP 	select_eeg_system: autoDraw = True
24.0594 	EXP 	window1: blendMode = 'avg'
24.0828 	EXP 	window1: blendMode = 'avg'
24.0995 	EXP 	window1: blendMode = 'avg'
24.1161 	EXP 	window1: blendMode = 'avg'
24.1328 	EXP 	window1: blendMode = 'avg'
24.1494 	EXP 	window1: blendMode = 'avg'
24.1661 	EXP 	window1: blendMode = 'avg'
24.1829 	EXP 	window1: blendMode = 'avg'
24.2017 	EXP 	window1: blendMode = 'avg'
24.2161 	EXP 	window1: blendMode = 'avg'
24.2328 	EXP 	window1: blendMode = 'avg'
24.2494 	EXP 	window1: blendMode = 'avg'
24.2661 	EXP 	window1: blendMode = 'avg'
24.2828 	EXP 	window1: blendMode = 'avg'
24.2998 	EXP 	window1: blendMode = 'avg'
24.3160 	EXP 	window1: blendMode = 'avg'
24.3327 	EXP 	window1: blendMode = 'avg'
24.3493 	EXP 	window1: blendMode = 'avg'
24.3660 	EXP 	window1: blendMode = 'avg'
24.3826 	EXP 	window1: blendMode = 'avg'
24.3993 	EXP 	window1: blendMode = 'avg'
24.4170 	EXP 	window1: blendMode = 'avg'
24.4326 	EXP 	window1: blendMode = 'avg'
24.4493 	EXP 	window1: blendMode = 'avg'
24.4660 	EXP 	window1: blendMode = 'avg'
24.4827 	EXP 	window1: blendMode = 'avg'
24.4993 	EXP 	window1: blendMode = 'avg'
24.5163 	EXP 	window1: blendMode = 'avg'
24.5328 	EXP 	window1: blendMode = 'avg'
24.5492 	EXP 	window1: blendMode = 'avg'
24.5659 	EXP 	window1: blendMode = 'avg'
24.5826 	EXP 	window1: blendMode = 'avg'
24.6139 	EXP 	window1: blendMode = 'avg'
24.6327 	EXP 	window1: blendMode = 'avg'
24.6492 	EXP 	window1: blendMode = 'avg'
24.6659 	EXP 	window1: blendMode = 'avg'
24.6826 	EXP 	window1: blendMode = 'avg'
24.6992 	EXP 	window1: blendMode = 'avg'
24.7159 	EXP 	window1: blendMode = 'avg'
24.7326 	EXP 	window1: blendMode = 'avg'
24.7492 	EXP 	window1: blendMode = 'avg'
24.7658 	EXP 	window1: blendMode = 'avg'
24.7827 	EXP 	window1: blendMode = 'avg'
24.7992 	EXP 	window1: blendMode = 'avg'
24.8159 	EXP 	window1: blendMode = 'avg'
24.8328 	EXP 	window1: blendMode = 'avg'
24.8492 	EXP 	window1: blendMode = 'avg'
24.8659 	EXP 	window1: blendMode = 'avg'
24.8824 	EXP 	window1: blendMode = 'avg'
24.8991 	EXP 	window1: blendMode = 'avg'
24.9158 	EXP 	window1: blendMode = 'avg'
24.9324 	EXP 	window1: blendMode = 'avg'
24.9491 	EXP 	window1: blendMode = 'avg'
24.9660 	EXP 	window1: blendMode = 'avg'
24.9825 	EXP 	window1: blendMode = 'avg'
24.9991 	EXP 	window1: blendMode = 'avg'
25.0159 	EXP 	window1: blendMode = 'avg'
25.0324 	EXP 	window1: blendMode = 'avg'
25.0491 	EXP 	window1: blendMode = 'avg'
25.0658 	EXP 	window1: blendMode = 'avg'
25.0824 	EXP 	window1: blendMode = 'avg'
25.0991 	EXP 	window1: blendMode = 'avg'
25.1158 	EXP 	window1: blendMode = 'avg'
25.1325 	EXP 	window1: blendMode = 'avg'
25.1493 	EXP 	window1: blendMode = 'avg'
25.1657 	EXP 	window1: blendMode = 'avg'
25.1824 	EXP 	window1: blendMode = 'avg'
25.1992 	EXP 	window1: blendMode = 'avg'
25.2157 	EXP 	window1: blendMode = 'avg'
25.2324 	EXP 	window1: blendMode = 'avg'
25.2491 	EXP 	window1: blendMode = 'avg'
25.2656 	EXP 	window1: blendMode = 'avg'
25.2824 	EXP 	window1: blendMode = 'avg'
25.2990 	EXP 	window1: blendMode = 'avg'
25.3158 	EXP 	window1: blendMode = 'avg'
25.3324 	EXP 	window1: blendMode = 'avg'
25.3491 	EXP 	window1: blendMode = 'avg'
25.3656 	EXP 	window1: blendMode = 'avg'
25.3823 	EXP 	window1: blendMode = 'avg'
25.3990 	EXP 	window1: blendMode = 'avg'
25.4157 	EXP 	window1: blendMode = 'avg'
25.4324 	EXP 	window1: blendMode = 'avg'
25.4490 	EXP 	window1: blendMode = 'avg'
25.4656 	EXP 	window1: blendMode = 'avg'
25.4823 	EXP 	window1: blendMode = 'avg'
25.4989 	EXP 	window1: blendMode = 'avg'
25.5157 	EXP 	window1: blendMode = 'avg'
25.5323 	EXP 	window1: blendMode = 'avg'
25.5489 	EXP 	window1: blendMode = 'avg'
25.5656 	EXP 	window1: blendMode = 'avg'
25.5822 	EXP 	window1: blendMode = 'avg'
25.5989 	EXP 	window1: blendMode = 'avg'
25.6157 	EXP 	window1: blendMode = 'avg'
25.6329 	EXP 	window1: blendMode = 'avg'
25.6490 	EXP 	window1: blendMode = 'avg'
25.6656 	EXP 	window1: blendMode = 'avg'
25.6822 	EXP 	window1: blendMode = 'avg'
25.6989 	EXP 	window1: blendMode = 'avg'
25.7157 	EXP 	window1: blendMode = 'avg'
25.7322 	EXP 	window1: blendMode = 'avg'
25.7488 	EXP 	window1: blendMode = 'avg'
25.7655 	EXP 	window1: blendMode = 'avg'
25.7821 	EXP 	window1: blendMode = 'avg'
25.7990 	EXP 	window1: blendMode = 'avg'
25.8155 	EXP 	window1: blendMode = 'avg'
25.8322 	EXP 	window1: blendMode = 'avg'
25.8488 	EXP 	window1: blendMode = 'avg'
25.8655 	EXP 	window1: blendMode = 'avg'
25.8821 	EXP 	window1: blendMode = 'avg'
25.8988 	EXP 	window1: blendMode = 'avg'
25.9155 	EXP 	window1: blendMode = 'avg'
25.9323 	EXP 	window1: blendMode = 'avg'
25.9488 	EXP 	window1: blendMode = 'avg'
25.9654 	EXP 	window1: blendMode = 'avg'
25.9822 	EXP 	window1: blendMode = 'avg'
25.9988 	EXP 	window1: blendMode = 'avg'
26.0155 	EXP 	window1: blendMode = 'avg'
26.0323 	EXP 	window1: blendMode = 'avg'
26.0489 	EXP 	window1: blendMode = 'avg'
26.0654 	EXP 	window1: blendMode = 'avg'
26.0821 	EXP 	window1: blendMode = 'avg'
26.0987 	EXP 	window1: blendMode = 'avg'
26.1154 	EXP 	window1: blendMode = 'avg'
26.1320 	EXP 	window1: blendMode = 'avg'
26.1488 	EXP 	window1: blendMode = 'avg'
26.1654 	EXP 	window1: blendMode = 'avg'
26.1821 	EXP 	window1: blendMode = 'avg'
26.2012 	EXP 	window1: blendMode = 'avg'
26.2156 	EXP 	window1: blendMode = 'avg'
26.2320 	EXP 	window1: blendMode = 'avg'
26.2487 	EXP 	window1: blendMode = 'avg'
26.2659 	EXP 	window1: blendMode = 'avg'
26.2820 	EXP 	window1: blendMode = 'avg'
26.2988 	EXP 	window1: blendMode = 'avg'
26.3154 	EXP 	window1: blendMode = 'avg'
26.3320 	EXP 	window1: blendMode = 'avg'
26.3487 	EXP 	window1: blendMode = 'avg'
26.3653 	EXP 	window1: blendMode = 'avg'
26.3820 	EXP 	window1: blendMode = 'avg'
26.3986 	EXP 	window1: blendMode = 'avg'
26.4155 	EXP 	window1: blendMode = 'avg'
26.4320 	EXP 	window1: blendMode = 'avg'
26.4487 	EXP 	window1: blendMode = 'avg'
26.4654 	EXP 	window1: blendMode = 'avg'
26.4819 	EXP 	window1: blendMode = 'avg'
26.4986 	EXP 	window1: blendMode = 'avg'
26.5153 	EXP 	window1: blendMode = 'avg'
26.5320 	EXP 	window1: blendMode = 'avg'
26.5487 	EXP 	window1: blendMode = 'avg'
26.5653 	EXP 	window1: blendMode = 'avg'
26.5819 	EXP 	window1: blendMode = 'avg'
26.5986 	EXP 	window1: blendMode = 'avg'
26.6152 	EXP 	window1: blendMode = 'avg'
26.6319 	EXP 	window1: blendMode = 'avg'
26.6486 	EXP 	window1: blendMode = 'avg'
26.6652 	EXP 	window1: blendMode = 'avg'
26.6819 	EXP 	window1: blendMode = 'avg'
26.6986 	EXP 	window1: blendMode = 'avg'
26.7152 	EXP 	window1: blendMode = 'avg'
26.7319 	EXP 	window1: blendMode = 'avg'
26.7485 	EXP 	window1: blendMode = 'avg'
26.7652 	EXP 	window1: blendMode = 'avg'
26.7818 	EXP 	window1: blendMode = 'avg'
26.7988 	EXP 	window1: blendMode = 'avg'
26.8152 	EXP 	window1: blendMode = 'avg'
26.8319 	EXP 	window1: blendMode = 'avg'
26.8490 	EXP 	window1: blendMode = 'avg'
26.8652 	EXP 	window1: blendMode = 'avg'
26.8818 	EXP 	window1: blendMode = 'avg'
26.8984 	EXP 	window1: blendMode = 'avg'
26.9152 	EXP 	window1: blendMode = 'avg'
26.9318 	EXP 	window1: blendMode = 'avg'
26.9485 	EXP 	window1: blendMode = 'avg'
26.9651 	EXP 	window1: blendMode = 'avg'
26.9818 	EXP 	window1: blendMode = 'avg'
26.9987 	EXP 	window1: blendMode = 'avg'
27.0155 	EXP 	window1: blendMode = 'avg'
27.0319 	EXP 	window1: blendMode = 'avg'
27.0485 	EXP 	window1: blendMode = 'avg'
27.0651 	EXP 	window1: blendMode = 'avg'
27.0819 	EXP 	window1: blendMode = 'avg'
27.0984 	EXP 	window1: blendMode = 'avg'
27.1152 	EXP 	window1: blendMode = 'avg'
27.1317 	EXP 	window1: blendMode = 'avg'
27.1484 	EXP 	window1: blendMode = 'avg'
27.1651 	EXP 	window1: blendMode = 'avg'
27.1817 	EXP 	window1: blendMode = 'avg'
27.2038 	EXP 	window1: blendMode = 'avg'
27.2151 	EXP 	window1: blendMode = 'avg'
27.2326 	EXP 	window1: blendMode = 'avg'
27.2484 	EXP 	window1: blendMode = 'avg'
27.2651 	EXP 	window1: blendMode = 'avg'
27.2817 	EXP 	window1: blendMode = 'avg'
27.2984 	EXP 	window1: blendMode = 'avg'
27.3151 	EXP 	window1: blendMode = 'avg'
27.3317 	EXP 	window1: blendMode = 'avg'
27.3483 	EXP 	window1: blendMode = 'avg'
27.3651 	EXP 	window1: blendMode = 'avg'
27.3816 	EXP 	window1: blendMode = 'avg'
27.3984 	EXP 	window1: blendMode = 'avg'
27.4150 	EXP 	window1: blendMode = 'avg'
27.4316 	EXP 	window1: blendMode = 'avg'
27.4483 	EXP 	window1: blendMode = 'avg'
27.4650 	EXP 	window1: blendMode = 'avg'
27.4818 	EXP 	window1: blendMode = 'avg'
27.4983 	EXP 	window1: blendMode = 'avg'
27.5150 	EXP 	window1: blendMode = 'avg'
27.5316 	EXP 	window1: blendMode = 'avg'
27.5482 	EXP 	window1: blendMode = 'avg'
27.5649 	EXP 	window1: blendMode = 'avg'
27.5816 	EXP 	window1: blendMode = 'avg'
27.5984 	EXP 	window1: blendMode = 'avg'
27.6150 	EXP 	window1: blendMode = 'avg'
27.6316 	EXP 	window1: blendMode = 'avg'
27.6490 	EXP 	window1: blendMode = 'avg'
27.6649 	EXP 	window1: blendMode = 'avg'
27.6816 	EXP 	window1: blendMode = 'avg'
27.6982 	EXP 	window1: blendMode = 'avg'
27.7149 	EXP 	window1: blendMode = 'avg'
27.7315 	EXP 	window1: blendMode = 'avg'
27.7482 	EXP 	window1: blendMode = 'avg'
27.7649 	EXP 	window1: blendMode = 'avg'
27.7815 	EXP 	window1: blendMode = 'avg'
27.7989 	EXP 	window1: blendMode = 'avg'
27.8150 	EXP 	window1: blendMode = 'avg'
27.8315 	EXP 	window1: blendMode = 'avg'
27.8482 	EXP 	window1: blendMode = 'avg'
27.8648 	EXP 	window1: blendMode = 'avg'
27.8815 	EXP 	window1: blendMode = 'avg'
27.8981 	EXP 	window1: blendMode = 'avg'
27.9149 	EXP 	window1: blendMode = 'avg'
27.9315 	EXP 	window1: blendMode = 'avg'
27.9482 	EXP 	window1: blendMode = 'avg'
27.9649 	EXP 	window1: blendMode = 'avg'
27.9814 	EXP 	window1: blendMode = 'avg'
27.9999 	EXP 	window1: blendMode = 'avg'
28.0154 	EXP 	window1: blendMode = 'avg'
28.0402 	EXP 	window1: blendMode = 'avg'
28.0655 	EXP 	window1: blendMode = 'avg'
28.0816 	EXP 	window1: blendMode = 'avg'
28.0983 	EXP 	window1: blendMode = 'avg'
28.1177 	EXP 	window1: blendMode = 'avg'
28.1316 	EXP 	window1: blendMode = 'avg'
28.1483 	EXP 	window1: blendMode = 'avg'
28.1662 	EXP 	window1: blendMode = 'avg'
28.1816 	EXP 	window1: blendMode = 'avg'
28.2010 	EXP 	window1: blendMode = 'avg'
28.2148 	EXP 	window1: blendMode = 'avg'
28.2315 	EXP 	window1: blendMode = 'avg'
28.2481 	EXP 	window1: blendMode = 'avg'
28.2647 	EXP 	window1: blendMode = 'avg'
28.2814 	EXP 	window1: blendMode = 'avg'
28.2981 	EXP 	window1: blendMode = 'avg'
28.3148 	EXP 	window1: blendMode = 'avg'
28.3314 	EXP 	window1: blendMode = 'avg'
28.3480 	EXP 	window1: blendMode = 'avg'
28.3646 	EXP 	window1: blendMode = 'avg'
28.3812 	EXP 	window1: blendMode = 'avg'
28.3980 	EXP 	window1: blendMode = 'avg'
28.4147 	EXP 	window1: blendMode = 'avg'
28.4313 	EXP 	window1: blendMode = 'avg'
28.4486 	EXP 	window1: blendMode = 'avg'
28.4648 	EXP 	window1: blendMode = 'avg'
28.4814 	EXP 	window1: blendMode = 'avg'
28.4980 	EXP 	window1: blendMode = 'avg'
28.5147 	EXP 	window1: blendMode = 'avg'
28.5313 	EXP 	window1: blendMode = 'avg'
28.5479 	EXP 	window1: blendMode = 'avg'
28.5646 	EXP 	window1: blendMode = 'avg'
28.5813 	EXP 	window1: blendMode = 'avg'
28.5979 	EXP 	window1: blendMode = 'avg'
28.6147 	EXP 	window1: blendMode = 'avg'
28.6312 	EXP 	window1: blendMode = 'avg'
28.6479 	EXP 	window1: blendMode = 'avg'
28.6646 	EXP 	window1: blendMode = 'avg'
28.6812 	EXP 	window1: blendMode = 'avg'
28.6979 	EXP 	window1: blendMode = 'avg'
28.7146 	EXP 	window1: blendMode = 'avg'
28.7312 	EXP 	window1: blendMode = 'avg'
28.7479 	EXP 	window1: blendMode = 'avg'
28.7646 	EXP 	window1: blendMode = 'avg'
28.7812 	EXP 	window1: blendMode = 'avg'
28.7990 	EXP 	window1: blendMode = 'avg'
28.8146 	EXP 	window1: blendMode = 'avg'
28.8312 	EXP 	window1: blendMode = 'avg'
28.8479 	EXP 	window1: blendMode = 'avg'
28.8650 	EXP 	window1: blendMode = 'avg'
28.8812 	EXP 	window1: blendMode = 'avg'
28.8979 	EXP 	window1: blendMode = 'avg'
28.9145 	EXP 	window1: blendMode = 'avg'
28.9312 	EXP 	window1: blendMode = 'avg'
28.9478 	EXP 	window1: blendMode = 'avg'
28.9645 	EXP 	window1: blendMode = 'avg'
28.9812 	EXP 	window1: blendMode = 'avg'
28.9979 	EXP 	window1: blendMode = 'avg'
29.0150 	EXP 	window1: blendMode = 'avg'
29.0312 	EXP 	window1: blendMode = 'avg'
29.0478 	EXP 	window1: blendMode = 'avg'
29.0644 	EXP 	window1: blendMode = 'avg'
29.0812 	EXP 	window1: blendMode = 'avg'
29.0978 	EXP 	window1: blendMode = 'avg'
29.1144 	EXP 	window1: blendMode = 'avg'
29.1312 	EXP 	window1: blendMode = 'avg'
29.1477 	EXP 	window1: blendMode = 'avg'
29.1644 	EXP 	window1: blendMode = 'avg'
29.1812 	EXP 	window1: blendMode = 'avg'
29.2013 	EXP 	window1: blendMode = 'avg'
29.2144 	EXP 	window1: blendMode = 'avg'
29.2312 	EXP 	window1: blendMode = 'avg'
29.2487 	EXP 	window1: blendMode = 'avg'
29.2644 	EXP 	window1: blendMode = 'avg'
29.2811 	EXP 	window1: blendMode = 'avg'
29.2977 	EXP 	window1: blendMode = 'avg'
29.3144 	EXP 	window1: blendMode = 'avg'
29.3312 	EXP 	window1: blendMode = 'avg'
29.3477 	EXP 	window1: blendMode = 'avg'
29.3643 	EXP 	window1: blendMode = 'avg'
29.3810 	EXP 	window1: blendMode = 'avg'
29.3976 	EXP 	window1: blendMode = 'avg'
29.4144 	EXP 	window1: blendMode = 'avg'
29.4311 	EXP 	window1: blendMode = 'avg'
29.4478 	EXP 	window1: blendMode = 'avg'
29.4643 	EXP 	window1: blendMode = 'avg'
29.4810 	EXP 	window1: blendMode = 'avg'
29.4976 	EXP 	window1: blendMode = 'avg'
29.5143 	EXP 	window1: blendMode = 'avg'
29.5309 	EXP 	window1: blendMode = 'avg'
29.5477 	EXP 	window1: blendMode = 'avg'
29.5643 	EXP 	window1: blendMode = 'avg'
29.5810 	EXP 	window1: blendMode = 'avg'
29.5976 	EXP 	window1: blendMode = 'avg'
29.6143 	EXP 	window1: blendMode = 'avg'
29.6310 	EXP 	window1: blendMode = 'avg'
29.6476 	EXP 	window1: blendMode = 'avg'
29.6651 	EXP 	window1: blendMode = 'avg'
29.6809 	EXP 	window1: blendMode = 'avg'
29.6977 	EXP 	window1: blendMode = 'avg'
29.7143 	EXP 	window1: blendMode = 'avg'
29.7310 	EXP 	window1: blendMode = 'avg'
29.7475 	EXP 	window1: blendMode = 'avg'
29.7643 	EXP 	window1: blendMode = 'avg'
29.7809 	EXP 	window1: blendMode = 'avg'
29.7985 	EXP 	window1: blendMode = 'avg'
29.8143 	EXP 	window1: blendMode = 'avg'
29.8309 	EXP 	window1: blendMode = 'avg'
29.8475 	EXP 	window1: blendMode = 'avg'
29.8642 	EXP 	window1: blendMode = 'avg'
29.8808 	EXP 	window1: blendMode = 'avg'
29.8975 	EXP 	window1: blendMode = 'avg'
29.9142 	EXP 	window1: blendMode = 'avg'
29.9308 	EXP 	window1: blendMode = 'avg'
29.9474 	EXP 	window1: blendMode = 'avg'
29.9649 	EXP 	window1: blendMode = 'avg'
29.9809 	EXP 	window1: blendMode = 'avg'
29.9975 	EXP 	window1: blendMode = 'avg'
30.0144 	EXP 	window1: blendMode = 'avg'
30.0310 	EXP 	window1: blendMode = 'avg'
30.0475 	EXP 	window1: blendMode = 'avg'
30.0642 	EXP 	window1: blendMode = 'avg'
30.0808 	EXP 	window1: blendMode = 'avg'
30.0974 	EXP 	window1: blendMode = 'avg'
30.1142 	EXP 	window1: blendMode = 'avg'
30.1307 	EXP 	window1: blendMode = 'avg'
30.1479 	EXP 	window1: blendMode = 'avg'
30.1641 	EXP 	window1: blendMode = 'avg'
30.1808 	EXP 	window1: blendMode = 'avg'
30.2008 	EXP 	window1: blendMode = 'avg'
30.2142 	EXP 	window1: blendMode = 'avg'
30.2307 	EXP 	window1: blendMode = 'avg'
30.2474 	EXP 	window1: blendMode = 'avg'
30.2640 	EXP 	window1: blendMode = 'avg'
30.2807 	EXP 	window1: blendMode = 'avg'
30.2974 	EXP 	window1: blendMode = 'avg'
30.3141 	EXP 	window1: blendMode = 'avg'
30.3308 	EXP 	window1: blendMode = 'avg'
30.3477 	EXP 	window1: blendMode = 'avg'
30.3641 	EXP 	window1: blendMode = 'avg'
30.3807 	EXP 	window1: blendMode = 'avg'
30.3974 	EXP 	window1: blendMode = 'avg'
30.4141 	EXP 	window1: blendMode = 'avg'
30.4308 	EXP 	window1: blendMode = 'avg'
30.4473 	EXP 	window1: blendMode = 'avg'
30.4644 	EXP 	window1: blendMode = 'avg'
30.4807 	EXP 	window1: blendMode = 'avg'
30.4974 	EXP 	window1: blendMode = 'avg'
30.5141 	EXP 	window1: blendMode = 'avg'
30.5307 	EXP 	window1: blendMode = 'avg'
30.5473 	EXP 	window1: blendMode = 'avg'
30.5640 	EXP 	window1: blendMode = 'avg'
30.5806 	EXP 	window1: blendMode = 'avg'
30.5973 	EXP 	window1: blendMode = 'avg'
30.6140 	EXP 	window1: blendMode = 'avg'
30.6306 	EXP 	window1: blendMode = 'avg'
30.6473 	EXP 	window1: blendMode = 'avg'
30.6653 	EXP 	window1: blendMode = 'avg'
30.6806 	EXP 	window1: blendMode = 'avg'
30.6973 	EXP 	window1: blendMode = 'avg'
30.7141 	EXP 	window1: blendMode = 'avg'
30.7306 	EXP 	window1: blendMode = 'avg'
30.7473 	EXP 	window1: blendMode = 'avg'
30.7639 	EXP 	window1: blendMode = 'avg'
30.7805 	EXP 	window1: blendMode = 'avg'
30.7974 	EXP 	window1: blendMode = 'avg'
30.8139 	EXP 	window1: blendMode = 'avg'
30.8306 	EXP 	window1: blendMode = 'avg'
30.8472 	EXP 	window1: blendMode = 'avg'
30.8641 	EXP 	window1: blendMode = 'avg'
30.8812 	EXP 	window1: blendMode = 'avg'
30.8972 	EXP 	window1: blendMode = 'avg'
30.9140 	EXP 	window1: blendMode = 'avg'
30.9305 	EXP 	window1: blendMode = 'avg'
30.9472 	EXP 	window1: blendMode = 'avg'
30.9638 	EXP 	window1: blendMode = 'avg'
30.9805 	EXP 	window1: blendMode = 'avg'
30.9971 	EXP 	window1: blendMode = 'avg'
31.0140 	EXP 	window1: blendMode = 'avg'
31.0304 	EXP 	window1: blendMode = 'avg'
31.0473 	EXP 	window1: blendMode = 'avg'
31.0640 	EXP 	window1: blendMode = 'avg'
31.0807 	EXP 	window1: blendMode = 'avg'
31.0971 	EXP 	window1: blendMode = 'avg'
31.1139 	EXP 	window1: blendMode = 'avg'
31.1304 	EXP 	window1: blendMode = 'avg'
31.1471 	EXP 	window1: blendMode = 'avg'
31.1638 	EXP 	window1: blendMode = 'avg'
31.1804 	EXP 	window1: blendMode = 'avg'
31.2019 	EXP 	window1: blendMode = 'avg'
31.2139 	EXP 	window1: blendMode = 'avg'
31.2306 	EXP 	window1: blendMode = 'avg'
31.2471 	EXP 	window1: blendMode = 'avg'
31.2647 	EXP 	window1: blendMode = 'avg'
31.2804 	EXP 	window1: blendMode = 'avg'
31.2974 	EXP 	window1: blendMode = 'avg'
31.3138 	EXP 	window1: blendMode = 'avg'
31.3304 	EXP 	window1: blendMode = 'avg'
31.3471 	EXP 	window1: blendMode = 'avg'
31.3637 	EXP 	window1: blendMode = 'avg'
31.3803 	EXP 	window1: blendMode = 'avg'
31.3973 	EXP 	window1: blendMode = 'avg'
31.4139 	EXP 	window1: blendMode = 'avg'
31.4304 	EXP 	window1: blendMode = 'avg'
31.4470 	EXP 	window1: blendMode = 'avg'
31.4637 	EXP 	window1: blendMode = 'avg'
31.4803 	EXP 	window1: blendMode = 'avg'
31.4971 	EXP 	window1: blendMode = 'avg'
31.5137 	EXP 	window1: blendMode = 'avg'
31.5304 	EXP 	window1: blendMode = 'avg'
31.5470 	EXP 	window1: blendMode = 'avg'
31.5636 	EXP 	window1: blendMode = 'avg'
31.5802 	EXP 	window1: blendMode = 'avg'
31.5970 	EXP 	window1: blendMode = 'avg'
31.6136 	EXP 	window1: blendMode = 'avg'
31.6304 	EXP 	window1: blendMode = 'avg'
31.6470 	EXP 	window1: blendMode = 'avg'
31.6637 	EXP 	window1: blendMode = 'avg'
31.6809 	EXP 	window1: blendMode = 'avg'
31.6969 	EXP 	window1: blendMode = 'avg'
31.7136 	EXP 	window1: blendMode = 'avg'
31.7306 	EXP 	window1: blendMode = 'avg'
31.7470 	EXP 	window1: blendMode = 'avg'
31.7635 	EXP 	window1: blendMode = 'avg'
31.7802 	EXP 	window1: blendMode = 'avg'
31.7969 	EXP 	window1: blendMode = 'avg'
31.8136 	EXP 	window1: blendMode = 'avg'
31.8302 	EXP 	window1: blendMode = 'avg'
31.8469 	EXP 	window1: blendMode = 'avg'
31.8635 	EXP 	window1: blendMode = 'avg'
31.8802 	EXP 	window1: blendMode = 'avg'
31.8969 	EXP 	window1: blendMode = 'avg'
31.9137 	EXP 	window1: blendMode = 'avg'
31.9302 	EXP 	window1: blendMode = 'avg'
31.9469 	EXP 	window1: blendMode = 'avg'
31.9635 	EXP 	window1: blendMode = 'avg'
31.9802 	EXP 	window1: blendMode = 'avg'
31.9969 	EXP 	window1: blendMode = 'avg'
32.0135 	EXP 	window1: blendMode = 'avg'
32.0301 	EXP 	window1: blendMode = 'avg'
32.0468 	EXP 	window1: blendMode = 'avg'
32.0636 	EXP 	window1: blendMode = 'avg'
32.0802 	EXP 	window1: blendMode = 'avg'
32.0975 	EXP 	window1: blendMode = 'avg'
32.1134 	EXP 	window1: blendMode = 'avg'
32.1302 	EXP 	window1: blendMode = 'avg'
32.1468 	EXP 	window1: blendMode = 'avg'
32.1635 	EXP 	window1: blendMode = 'avg'
32.1801 	EXP 	window1: blendMode = 'avg'
32.1971 	EXP 	window1: blendMode = 'avg'
32.2134 	EXP 	window1: blendMode = 'avg'
32.2302 	EXP 	window1: blendMode = 'avg'
32.2467 	EXP 	window1: blendMode = 'avg'
32.2635 	EXP 	window1: blendMode = 'avg'
32.2801 	EXP 	window1: blendMode = 'avg'
32.2967 	EXP 	window1: blendMode = 'avg'
32.3134 	EXP 	window1: blendMode = 'avg'
32.3302 	EXP 	window1: blendMode = 'avg'
32.3467 	EXP 	window1: blendMode = 'avg'
32.3634 	EXP 	window1: blendMode = 'avg'
32.3802 	EXP 	window1: blendMode = 'avg'
32.3967 	EXP 	window1: blendMode = 'avg'
32.4134 	EXP 	window1: blendMode = 'avg'
32.4300 	EXP 	window1: blendMode = 'avg'
32.4468 	EXP 	window1: blendMode = 'avg'
32.4633 	EXP 	window1: blendMode = 'avg'
32.4800 	EXP 	window1: blendMode = 'avg'
32.4967 	EXP 	window1: blendMode = 'avg'
32.5134 	EXP 	window1: blendMode = 'avg'
32.5300 	EXP 	window1: blendMode = 'avg'
32.5467 	EXP 	window1: blendMode = 'avg'
32.5633 	EXP 	window1: blendMode = 'avg'
32.5800 	EXP 	window1: blendMode = 'avg'
32.5966 	EXP 	window1: blendMode = 'avg'
32.6134 	EXP 	window1: blendMode = 'avg'
32.6300 	EXP 	window1: blendMode = 'avg'
32.6466 	EXP 	window1: blendMode = 'avg'
32.6634 	EXP 	window1: blendMode = 'avg'
32.6799 	EXP 	window1: blendMode = 'avg'
32.6966 	EXP 	window1: blendMode = 'avg'
32.7134 	EXP 	window1: blendMode = 'avg'
32.7299 	EXP 	window1: blendMode = 'avg'
32.7466 	EXP 	window1: blendMode = 'avg'
32.7632 	EXP 	window1: blendMode = 'avg'
32.7799 	EXP 	window1: blendMode = 'avg'
32.7965 	EXP 	window1: blendMode = 'avg'
32.8133 	EXP 	window1: blendMode = 'avg'
32.8299 	EXP 	window1: blendMode = 'avg'
32.8465 	EXP 	window1: blendMode = 'avg'
32.8632 	EXP 	window1: blendMode = 'avg'
32.8799 	EXP 	window1: blendMode = 'avg'
32.8972 	EXP 	window1: blendMode = 'avg'
32.9134 	EXP 	window1: blendMode = 'avg'
32.9300 	EXP 	window1: blendMode = 'avg'
32.9465 	EXP 	window1: blendMode = 'avg'
32.9633 	EXP 	window1: blendMode = 'avg'
32.9798 	EXP 	window1: blendMode = 'avg'
32.9965 	EXP 	window1: blendMode = 'avg'
33.0132 	EXP 	window1: blendMode = 'avg'
33.0299 	EXP 	window1: blendMode = 'avg'
33.0465 	EXP 	window1: blendMode = 'avg'
33.0632 	EXP 	window1: blendMode = 'avg'
33.0800 	EXP 	window1: blendMode = 'avg'
33.0965 	EXP 	window1: blendMode = 'avg'
33.1131 	EXP 	window1: blendMode = 'avg'
33.1296 	DATA 	Keypress: 1
33.1308 	EXP 	window1: blendMode = 'avg'
33.1459 	EXP 	select_eeg_system: autoDraw = False
33.1459 	EXP 	instr_text: autoDraw = True
33.1465 	EXP 	window1: blendMode = 'avg'
33.1633 	EXP 	window1: blendMode = 'avg'
33.1801 	EXP 	window1: blendMode = 'avg'
33.1967 	EXP 	window1: blendMode = 'avg'
33.2135 	EXP 	window1: blendMode = 'avg'
33.2301 	EXP 	window1: blendMode = 'avg'
33.2466 	EXP 	window1: blendMode = 'avg'
33.2633 	EXP 	window1: blendMode = 'avg'
33.2810 	EXP 	window1: blendMode = 'avg'
33.2969 	EXP 	window1: blendMode = 'avg'
33.3138 	EXP 	window1: blendMode = 'avg'
33.3302 	EXP 	window1: blendMode = 'avg'
33.3466 	EXP 	window1: blendMode = 'avg'
33.3631 	EXP 	window1: blendMode = 'avg'
33.3798 	EXP 	window1: blendMode = 'avg'
33.3964 	EXP 	window1: blendMode = 'avg'
33.4132 	EXP 	window1: blendMode = 'avg'
33.4297 	EXP 	window1: blendMode = 'avg'
33.4464 	EXP 	window1: blendMode = 'avg'
33.4630 	EXP 	window1: blendMode = 'avg'
33.4798 	EXP 	window1: blendMode = 'avg'
33.4964 	EXP 	window1: blendMode = 'avg'
33.5131 	EXP 	window1: blendMode = 'avg'
33.5297 	EXP 	window1: blendMode = 'avg'
33.5463 	EXP 	window1: blendMode = 'avg'
33.5629 	EXP 	window1: blendMode = 'avg'
33.5798 	EXP 	window1: blendMode = 'avg'
33.5963 	EXP 	window1: blendMode = 'avg'
33.6130 	EXP 	window1: blendMode = 'avg'
33.6297 	EXP 	window1: blendMode = 'avg'
33.6463 	EXP 	window1: blendMode = 'avg'
33.6631 	EXP 	window1: blendMode = 'avg'
33.6796 	EXP 	window1: blendMode = 'avg'
33.6969 	EXP 	window1: blendMode = 'avg'
33.7130 	EXP 	window1: blendMode = 'avg'
33.7296 	EXP 	window1: blendMode = 'avg'
33.7463 	EXP 	window1: blendMode = 'avg'
33.7631 	EXP 	window1: blendMode = 'avg'
33.7796 	EXP 	window1: blendMode = 'avg'
33.7963 	EXP 	window1: blendMode = 'avg'
33.8130 	EXP 	window1: blendMode = 'avg'
33.8296 	EXP 	window1: blendMode = 'avg'
33.8462 	EXP 	window1: blendMode = 'avg'
33.8630 	EXP 	window1: blendMode = 'avg'
33.8795 	EXP 	window1: blendMode = 'avg'
33.8962 	EXP 	window1: blendMode = 'avg'
33.9129 	EXP 	window1: blendMode = 'avg'
33.9296 	EXP 	window1: blendMode = 'avg'
33.9463 	EXP 	window1: blendMode = 'avg'
33.9629 	EXP 	window1: blendMode = 'avg'
33.9796 	EXP 	window1: blendMode = 'avg'
33.9962 	EXP 	window1: blendMode = 'avg'
34.0130 	EXP 	window1: blendMode = 'avg'
34.0295 	EXP 	window1: blendMode = 'avg'
34.0462 	EXP 	window1: blendMode = 'avg'
34.0631 	EXP 	window1: blendMode = 'avg'
34.0795 	EXP 	window1: blendMode = 'avg'
34.0964 	EXP 	window1: blendMode = 'avg'
34.1130 	EXP 	window1: blendMode = 'avg'
34.1296 	EXP 	window1: blendMode = 'avg'
34.1462 	EXP 	window1: blendMode = 'avg'
34.1628 	EXP 	window1: blendMode = 'avg'
34.1795 	EXP 	window1: blendMode = 'avg'
34.1961 	EXP 	window1: blendMode = 'avg'
34.2129 	EXP 	window1: blendMode = 'avg'
34.2295 	EXP 	window1: blendMode = 'avg'
34.2462 	EXP 	window1: blendMode = 'avg'
34.2627 	EXP 	window1: blendMode = 'avg'
34.2795 	EXP 	window1: blendMode = 'avg'
34.2960 	EXP 	window1: blendMode = 'avg'
34.3127 	EXP 	window1: blendMode = 'avg'
34.3294 	EXP 	window1: blendMode = 'avg'
34.3464 	EXP 	window1: blendMode = 'avg'
34.3627 	EXP 	window1: blendMode = 'avg'
34.3794 	EXP 	window1: blendMode = 'avg'
34.3960 	EXP 	window1: blendMode = 'avg'
34.4128 	EXP 	window1: blendMode = 'avg'
34.4293 	EXP 	window1: blendMode = 'avg'
34.4460 	EXP 	window1: blendMode = 'avg'
34.4627 	EXP 	window1: blendMode = 'avg'
34.4793 	EXP 	window1: blendMode = 'avg'
34.4960 	EXP 	window1: blendMode = 'avg'
34.5127 	EXP 	window1: blendMode = 'avg'
34.5294 	EXP 	window1: blendMode = 'avg'
34.5460 	EXP 	window1: blendMode = 'avg'
34.5627 	EXP 	window1: blendMode = 'avg'
34.5794 	EXP 	window1: blendMode = 'avg'
34.5961 	EXP 	window1: blendMode = 'avg'
34.6127 	EXP 	window1: blendMode = 'avg'
34.6294 	EXP 	window1: blendMode = 'avg'
34.6459 	EXP 	window1: blendMode = 'avg'
34.6627 	EXP 	window1: blendMode = 'avg'
34.6793 	EXP 	window1: blendMode = 'avg'
34.6960 	EXP 	window1: blendMode = 'avg'
34.7126 	EXP 	window1: blendMode = 'avg'
34.7293 	EXP 	window1: blendMode = 'avg'
34.7459 	EXP 	window1: blendMode = 'avg'
34.7626 	EXP 	window1: blendMode = 'avg'
34.7792 	EXP 	window1: blendMode = 'avg'
34.7959 	EXP 	window1: blendMode = 'avg'
34.8128 	EXP 	window1: blendMode = 'avg'
34.8293 	EXP 	window1: blendMode = 'avg'
34.8459 	EXP 	window1: blendMode = 'avg'
34.8626 	EXP 	window1: blendMode = 'avg'
34.8792 	EXP 	window1: blendMode = 'avg'
34.8959 	EXP 	window1: blendMode = 'avg'
34.9134 	EXP 	window1: blendMode = 'avg'
34.9292 	EXP 	window1: blendMode = 'avg'
34.9459 	EXP 	window1: blendMode = 'avg'
34.9625 	EXP 	window1: blendMode = 'avg'
34.9793 	EXP 	window1: blendMode = 'avg'
34.9958 	EXP 	window1: blendMode = 'avg'
35.0126 	EXP 	window1: blendMode = 'avg'
35.0291 	EXP 	window1: blendMode = 'avg'
35.0458 	EXP 	window1: blendMode = 'avg'
35.0625 	EXP 	window1: blendMode = 'avg'
35.0792 	EXP 	window1: blendMode = 'avg'
35.0979 	EXP 	window1: blendMode = 'avg'
35.1127 	EXP 	window1: blendMode = 'avg'
35.1291 	EXP 	window1: blendMode = 'avg'
35.1461 	EXP 	window1: blendMode = 'avg'
35.1625 	EXP 	window1: blendMode = 'avg'
35.1791 	EXP 	window1: blendMode = 'avg'
35.1957 	EXP 	window1: blendMode = 'avg'
35.2125 	EXP 	window1: blendMode = 'avg'
35.2291 	EXP 	window1: blendMode = 'avg'
35.2458 	EXP 	window1: blendMode = 'avg'
35.2625 	EXP 	window1: blendMode = 'avg'
35.2793 	EXP 	window1: blendMode = 'avg'
35.2957 	EXP 	window1: blendMode = 'avg'
35.3128 	EXP 	window1: blendMode = 'avg'
35.3297 	EXP 	window1: blendMode = 'avg'
35.3462 	EXP 	window1: blendMode = 'avg'
35.3626 	EXP 	window1: blendMode = 'avg'
35.3791 	EXP 	window1: blendMode = 'avg'
35.3957 	EXP 	window1: blendMode = 'avg'
35.4125 	EXP 	window1: blendMode = 'avg'
35.4294 	EXP 	window1: blendMode = 'avg'
35.4458 	EXP 	window1: blendMode = 'avg'
35.4624 	EXP 	window1: blendMode = 'avg'
35.4791 	EXP 	window1: blendMode = 'avg'
35.4957 	EXP 	window1: blendMode = 'avg'
35.5123 	EXP 	window1: blendMode = 'avg'
35.5290 	EXP 	window1: blendMode = 'avg'
35.5460 	EXP 	window1: blendMode = 'avg'
35.5878 	EXP 	window1: blendMode = 'avg'
35.6127 	EXP 	window1: blendMode = 'avg'
35.6291 	EXP 	window1: blendMode = 'avg'
35.6977 	EXP 	window1: blendMode = 'avg'
35.7349 	EXP 	window1: blendMode = 'avg'
35.7506 	EXP 	window1: blendMode = 'avg'
35.7637 	EXP 	window1: blendMode = 'avg'
35.8097 	EXP 	window1: blendMode = 'avg'
35.8357 	EXP 	window1: blendMode = 'avg'
35.8473 	EXP 	window1: blendMode = 'avg'
35.8624 	EXP 	window1: blendMode = 'avg'
35.8847 	EXP 	window1: blendMode = 'avg'
35.9209 	EXP 	window1: blendMode = 'avg'
35.9548 	EXP 	window1: blendMode = 'avg'
35.9932 	EXP 	window1: blendMode = 'avg'
36.0300 	EXP 	window1: blendMode = 'avg'
36.0668 	EXP 	window1: blendMode = 'avg'
36.1038 	EXP 	window1: blendMode = 'avg'
36.1418 	EXP 	window1: blendMode = 'avg'
36.1785 	EXP 	window1: blendMode = 'avg'
36.2259 	EXP 	window1: blendMode = 'avg'
36.2624 	EXP 	window1: blendMode = 'avg'
36.2987 	EXP 	window1: blendMode = 'avg'
36.3349 	EXP 	window1: blendMode = 'avg'
36.3708 	EXP 	window1: blendMode = 'avg'
36.4058 	EXP 	window1: blendMode = 'avg'
36.4419 	EXP 	window1: blendMode = 'avg'
36.4784 	EXP 	window1: blendMode = 'avg'
36.5151 	EXP 	window1: blendMode = 'avg'
36.5518 	EXP 	window1: blendMode = 'avg'
36.5873 	EXP 	window1: blendMode = 'avg'
36.6229 	EXP 	window1: blendMode = 'avg'
36.6897 	EXP 	window1: blendMode = 'avg'
36.7248 	EXP 	window1: blendMode = 'avg'
36.7624 	EXP 	window1: blendMode = 'avg'
36.7975 	EXP 	window1: blendMode = 'avg'
36.8121 	EXP 	window1: blendMode = 'avg'
36.8288 	EXP 	window1: blendMode = 'avg'
36.8455 	EXP 	window1: blendMode = 'avg'
36.8698 	EXP 	window1: blendMode = 'avg'
36.9058 	EXP 	window1: blendMode = 'avg'
36.9429 	EXP 	window1: blendMode = 'avg'
36.9809 	EXP 	window1: blendMode = 'avg'
37.0168 	EXP 	window1: blendMode = 'avg'
37.0311 	EXP 	window1: blendMode = 'avg'
37.0546 	EXP 	window1: blendMode = 'avg'
37.0908 	EXP 	window1: blendMode = 'avg'
37.1195 	EXP 	window1: blendMode = 'avg'
37.1318 	EXP 	window1: blendMode = 'avg'
37.1681 	EXP 	window1: blendMode = 'avg'
37.2099 	EXP 	window1: blendMode = 'avg'
37.2471 	EXP 	window1: blendMode = 'avg'
37.2835 	EXP 	window1: blendMode = 'avg'
37.3219 	EXP 	window1: blendMode = 'avg'
37.3580 	EXP 	window1: blendMode = 'avg'
37.3786 	EXP 	window1: blendMode = 'avg'
37.4289 	EXP 	window1: blendMode = 'avg'
37.4650 	EXP 	window1: blendMode = 'avg'
37.5088 	EXP 	window1: blendMode = 'avg'
37.5389 	EXP 	window1: blendMode = 'avg'
37.5749 	EXP 	window1: blendMode = 'avg'
37.6114 	EXP 	window1: blendMode = 'avg'
37.6488 	EXP 	window1: blendMode = 'avg'
37.7188 	EXP 	window1: blendMode = 'avg'
37.7551 	EXP 	window1: blendMode = 'avg'
37.7909 	EXP 	window1: blendMode = 'avg'
37.8119 	EXP 	window1: blendMode = 'avg'
37.8287 	EXP 	window1: blendMode = 'avg'
37.8452 	EXP 	window1: blendMode = 'avg'
37.8619 	EXP 	window1: blendMode = 'avg'
37.8784 	EXP 	window1: blendMode = 'avg'
37.8952 	EXP 	window1: blendMode = 'avg'
37.9118 	EXP 	window1: blendMode = 'avg'
37.9285 	EXP 	window1: blendMode = 'avg'
37.9451 	EXP 	window1: blendMode = 'avg'
37.9618 	EXP 	window1: blendMode = 'avg'
37.9784 	EXP 	window1: blendMode = 'avg'
37.9951 	EXP 	window1: blendMode = 'avg'
38.0118 	EXP 	window1: blendMode = 'avg'
38.0285 	EXP 	window1: blendMode = 'avg'
38.0450 	EXP 	window1: blendMode = 'avg'
38.0618 	EXP 	window1: blendMode = 'avg'
38.0784 	EXP 	window1: blendMode = 'avg'
38.0950 	EXP 	window1: blendMode = 'avg'
38.1130 	EXP 	window1: blendMode = 'avg'
38.1286 	EXP 	window1: blendMode = 'avg'
38.1452 	EXP 	window1: blendMode = 'avg'
38.1686 	EXP 	window1: blendMode = 'avg'
38.1784 	EXP 	window1: blendMode = 'avg'
38.1949 	EXP 	window1: blendMode = 'avg'
38.2168 	EXP 	window1: blendMode = 'avg'
38.2282 	EXP 	window1: blendMode = 'avg'
38.2448 	EXP 	window1: blendMode = 'avg'
38.2614 	EXP 	window1: blendMode = 'avg'
38.2784 	EXP 	window1: blendMode = 'avg'
38.2949 	EXP 	window1: blendMode = 'avg'
38.3114 	EXP 	window1: blendMode = 'avg'
38.3281 	EXP 	window1: blendMode = 'avg'
38.3450 	EXP 	window1: blendMode = 'avg'
38.3699 	EXP 	window1: blendMode = 'avg'
38.3953 	EXP 	window1: blendMode = 'avg'
38.4117 	EXP 	window1: blendMode = 'avg'
38.4282 	EXP 	window1: blendMode = 'avg'
38.4452 	EXP 	window1: blendMode = 'avg'
38.4616 	EXP 	window1: blendMode = 'avg'
38.4784 	EXP 	window1: blendMode = 'avg'
38.4962 	EXP 	window1: blendMode = 'avg'
38.5115 	EXP 	window1: blendMode = 'avg'
38.5294 	EXP 	window1: blendMode = 'avg'
38.5450 	EXP 	window1: blendMode = 'avg'
38.5614 	EXP 	window1: blendMode = 'avg'
38.5782 	EXP 	window1: blendMode = 'avg'
38.5948 	EXP 	window1: blendMode = 'avg'
38.6116 	EXP 	window1: blendMode = 'avg'
38.6281 	EXP 	window1: blendMode = 'avg'
38.6446 	EXP 	window1: blendMode = 'avg'
38.6614 	EXP 	window1: blendMode = 'avg'
38.6779 	EXP 	window1: blendMode = 'avg'
38.6946 	EXP 	window1: blendMode = 'avg'
38.7113 	EXP 	window1: blendMode = 'avg'
38.7281 	EXP 	window1: blendMode = 'avg'
38.7447 	EXP 	window1: blendMode = 'avg'
38.7613 	EXP 	window1: blendMode = 'avg'
38.7779 	EXP 	window1: blendMode = 'avg'
38.7946 	EXP 	window1: blendMode = 'avg'
38.8115 	EXP 	window1: blendMode = 'avg'
38.8280 	EXP 	window1: blendMode = 'avg'
38.8446 	EXP 	window1: blendMode = 'avg'
38.8613 	EXP 	window1: blendMode = 'avg'
38.8779 	EXP 	window1: blendMode = 'avg'
38.8946 	EXP 	window1: blendMode = 'avg'
38.9113 	EXP 	window1: blendMode = 'avg'
38.9280 	EXP 	window1: blendMode = 'avg'
38.9450 	EXP 	window1: blendMode = 'avg'
38.9612 	EXP 	window1: blendMode = 'avg'
38.9779 	EXP 	window1: blendMode = 'avg'
38.9945 	EXP 	window1: blendMode = 'avg'
39.0113 	EXP 	window1: blendMode = 'avg'
39.0279 	EXP 	window1: blendMode = 'avg'
39.0445 	EXP 	window1: blendMode = 'avg'
39.0612 	EXP 	window1: blendMode = 'avg'
39.0779 	EXP 	window1: blendMode = 'avg'
39.0946 	EXP 	window1: blendMode = 'avg'
39.1112 	EXP 	window1: blendMode = 'avg'
39.1278 	EXP 	window1: blendMode = 'avg'
39.1445 	EXP 	window1: blendMode = 'avg'
39.1616 	EXP 	window1: blendMode = 'avg'
39.1779 	EXP 	window1: blendMode = 'avg'
39.1945 	EXP 	window1: blendMode = 'avg'
39.2112 	EXP 	window1: blendMode = 'avg'
39.2280 	EXP 	window1: blendMode = 'avg'
39.2445 	EXP 	window1: blendMode = 'avg'
39.2612 	EXP 	window1: blendMode = 'avg'
39.2778 	EXP 	window1: blendMode = 'avg'
39.2944 	EXP 	window1: blendMode = 'avg'
39.3111 	EXP 	window1: blendMode = 'avg'
39.3286 	EXP 	window1: blendMode = 'avg'
39.3444 	EXP 	window1: blendMode = 'avg'
39.3610 	EXP 	window1: blendMode = 'avg'
39.3778 	EXP 	window1: blendMode = 'avg'
39.3944 	EXP 	window1: blendMode = 'avg'
39.4112 	EXP 	window1: blendMode = 'avg'
39.4278 	EXP 	window1: blendMode = 'avg'
39.4447 	EXP 	window1: blendMode = 'avg'
39.4611 	EXP 	window1: blendMode = 'avg'
39.4777 	EXP 	window1: blendMode = 'avg'
39.4944 	EXP 	window1: blendMode = 'avg'
39.5111 	EXP 	window1: blendMode = 'avg'
39.5288 	EXP 	window1: blendMode = 'avg'
39.5444 	EXP 	window1: blendMode = 'avg'
39.5610 	EXP 	window1: blendMode = 'avg'
39.5781 	EXP 	window1: blendMode = 'avg'
39.5944 	EXP 	window1: blendMode = 'avg'
39.6110 	EXP 	window1: blendMode = 'avg'
39.6277 	EXP 	window1: blendMode = 'avg'
39.6443 	EXP 	window1: blendMode = 'avg'
39.6610 	EXP 	window1: blendMode = 'avg'
39.6776 	EXP 	window1: blendMode = 'avg'
39.6943 	EXP 	window1: blendMode = 'avg'
39.7110 	EXP 	window1: blendMode = 'avg'
39.7277 	EXP 	window1: blendMode = 'avg'
39.7447 	EXP 	window1: blendMode = 'avg'
39.7610 	EXP 	window1: blendMode = 'avg'
39.7776 	EXP 	window1: blendMode = 'avg'
39.7942 	EXP 	window1: blendMode = 'avg'
39.8110 	EXP 	window1: blendMode = 'avg'
39.8278 	EXP 	window1: blendMode = 'avg'
39.8443 	EXP 	window1: blendMode = 'avg'
39.8609 	EXP 	window1: blendMode = 'avg'
39.8776 	EXP 	window1: blendMode = 'avg'
39.8942 	EXP 	window1: blendMode = 'avg'
39.9109 	EXP 	window1: blendMode = 'avg'
39.9276 	EXP 	window1: blendMode = 'avg'
39.9443 	EXP 	window1: blendMode = 'avg'
39.9609 	EXP 	window1: blendMode = 'avg'
39.9776 	EXP 	window1: blendMode = 'avg'
39.9942 	EXP 	window1: blendMode = 'avg'
40.0109 	EXP 	window1: blendMode = 'avg'
40.0277 	EXP 	window1: blendMode = 'avg'
40.0442 	EXP 	window1: blendMode = 'avg'
40.0609 	EXP 	window1: blendMode = 'avg'
40.0775 	EXP 	window1: blendMode = 'avg'
40.0941 	EXP 	window1: blendMode = 'avg'
40.1108 	EXP 	window1: blendMode = 'avg'
40.1282 	EXP 	window1: blendMode = 'avg'
40.1442 	EXP 	window1: blendMode = 'avg'
40.1609 	EXP 	window1: blendMode = 'avg'
40.1776 	EXP 	window1: blendMode = 'avg'
40.1942 	EXP 	window1: blendMode = 'avg'
40.2108 	EXP 	window1: blendMode = 'avg'
40.2275 	EXP 	window1: blendMode = 'avg'
40.2442 	EXP 	window1: blendMode = 'avg'
40.2609 	EXP 	window1: blendMode = 'avg'
40.2774 	EXP 	window1: blendMode = 'avg'
40.2941 	EXP 	window1: blendMode = 'avg'
40.3108 	EXP 	window1: blendMode = 'avg'
40.3275 	EXP 	window1: blendMode = 'avg'
40.3455 	EXP 	window1: blendMode = 'avg'
40.3609 	EXP 	window1: blendMode = 'avg'
40.3774 	EXP 	window1: blendMode = 'avg'
40.3941 	EXP 	window1: blendMode = 'avg'
40.4109 	EXP 	window1: blendMode = 'avg'
40.4275 	EXP 	window1: blendMode = 'avg'
40.4442 	EXP 	window1: blendMode = 'avg'
40.4608 	EXP 	window1: blendMode = 'avg'
40.4775 	EXP 	window1: blendMode = 'avg'
40.4943 	EXP 	window1: blendMode = 'avg'
40.5107 	EXP 	window1: blendMode = 'avg'
40.5274 	EXP 	window1: blendMode = 'avg'
40.5444 	EXP 	window1: blendMode = 'avg'
40.5607 	EXP 	window1: blendMode = 'avg'
40.5774 	EXP 	window1: blendMode = 'avg'
40.5941 	EXP 	window1: blendMode = 'avg'
40.6109 	EXP 	window1: blendMode = 'avg'
40.6274 	EXP 	window1: blendMode = 'avg'
40.6440 	EXP 	window1: blendMode = 'avg'
40.6608 	EXP 	window1: blendMode = 'avg'
40.6773 	EXP 	window1: blendMode = 'avg'
40.6940 	EXP 	window1: blendMode = 'avg'
40.7107 	EXP 	window1: blendMode = 'avg'
40.7274 	EXP 	window1: blendMode = 'avg'
40.7440 	EXP 	window1: blendMode = 'avg'
40.7607 	EXP 	window1: blendMode = 'avg'
40.7774 	EXP 	window1: blendMode = 'avg'
40.7940 	EXP 	window1: blendMode = 'avg'
40.8107 	EXP 	window1: blendMode = 'avg'
40.8275 	EXP 	window1: blendMode = 'avg'
40.8440 	EXP 	window1: blendMode = 'avg'
40.8606 	EXP 	window1: blendMode = 'avg'
40.8773 	EXP 	window1: blendMode = 'avg'
40.8941 	EXP 	window1: blendMode = 'avg'
40.9106 	EXP 	window1: blendMode = 'avg'
40.9273 	EXP 	window1: blendMode = 'avg'
40.9440 	EXP 	window1: blendMode = 'avg'
40.9615 	EXP 	window1: blendMode = 'avg'
40.9772 	EXP 	window1: blendMode = 'avg'
40.9939 	EXP 	window1: blendMode = 'avg'
41.0106 	EXP 	window1: blendMode = 'avg'
41.0273 	EXP 	window1: blendMode = 'avg'
41.0440 	EXP 	window1: blendMode = 'avg'
41.0606 	EXP 	window1: blendMode = 'avg'
41.0772 	EXP 	window1: blendMode = 'avg'
41.0940 	EXP 	window1: blendMode = 'avg'
41.1106 	EXP 	window1: blendMode = 'avg'
41.1272 	EXP 	window1: blendMode = 'avg'
41.1438 	EXP 	window1: blendMode = 'avg'
41.1605 	EXP 	window1: blendMode = 'avg'
41.1771 	EXP 	window1: blendMode = 'avg'
41.1940 	EXP 	window1: blendMode = 'avg'
41.2107 	EXP 	window1: blendMode = 'avg'
41.2272 	EXP 	window1: blendMode = 'avg'
41.2438 	EXP 	window1: blendMode = 'avg'
41.2607 	EXP 	window1: blendMode = 'avg'
41.2771 	EXP 	window1: blendMode = 'avg'
41.2938 	EXP 	window1: blendMode = 'avg'
41.3109 	EXP 	window1: blendMode = 'avg'
41.3271 	EXP 	window1: blendMode = 'avg'
41.3438 	EXP 	window1: blendMode = 'avg'
41.3605 	EXP 	window1: blendMode = 'avg'
41.3771 	EXP 	window1: blendMode = 'avg'
41.3937 	EXP 	window1: blendMode = 'avg'
41.4109 	EXP 	window1: blendMode = 'avg'
41.4273 	EXP 	window1: blendMode = 'avg'
41.4438 	EXP 	window1: blendMode = 'avg'
41.4605 	EXP 	window1: blendMode = 'avg'
41.4771 	EXP 	window1: blendMode = 'avg'
41.4938 	EXP 	window1: blendMode = 'avg'
41.5104 	EXP 	window1: blendMode = 'avg'
41.5271 	EXP 	window1: blendMode = 'avg'
41.5437 	EXP 	window1: blendMode = 'avg'
41.5604 	EXP 	window1: blendMode = 'avg'
41.5771 	EXP 	window1: blendMode = 'avg'
41.5937 	EXP 	window1: blendMode = 'avg'
41.6105 	EXP 	window1: blendMode = 'avg'
41.6271 	EXP 	window1: blendMode = 'avg'
41.6437 	EXP 	window1: blendMode = 'avg'
41.6603 	EXP 	window1: blendMode = 'avg'
41.6773 	EXP 	window1: blendMode = 'avg'
41.6937 	EXP 	window1: blendMode = 'avg'
41.7104 	EXP 	window1: blendMode = 'avg'
41.7270 	EXP 	window1: blendMode = 'avg'
41.7437 	EXP 	window1: blendMode = 'avg'
41.7609 	EXP 	window1: blendMode = 'avg'
41.7770 	EXP 	window1: blendMode = 'avg'
41.7936 	EXP 	window1: blendMode = 'avg'
41.8105 	EXP 	window1: blendMode = 'avg'
41.8270 	EXP 	window1: blendMode = 'avg'
41.8436 	EXP 	window1: blendMode = 'avg'
41.8603 	EXP 	window1: blendMode = 'avg'
41.8769 	EXP 	window1: blendMode = 'avg'
41.8937 	EXP 	window1: blendMode = 'avg'
41.9103 	EXP 	window1: blendMode = 'avg'
41.9270 	EXP 	window1: blendMode = 'avg'
41.9435 	EXP 	window1: blendMode = 'avg'
41.9604 	EXP 	window1: blendMode = 'avg'
41.9769 	EXP 	window1: blendMode = 'avg'
41.9937 	EXP 	window1: blendMode = 'avg'
42.0102 	EXP 	window1: blendMode = 'avg'
42.0270 	EXP 	window1: blendMode = 'avg'
42.0435 	EXP 	window1: blendMode = 'avg'
42.0602 	EXP 	window1: blendMode = 'avg'
42.0769 	EXP 	window1: blendMode = 'avg'
42.0936 	EXP 	window1: blendMode = 'avg'
42.1102 	EXP 	window1: blendMode = 'avg'
42.1269 	EXP 	window1: blendMode = 'avg'
42.1435 	EXP 	window1: blendMode = 'avg'
42.1602 	EXP 	window1: blendMode = 'avg'
42.1770 	EXP 	window1: blendMode = 'avg'
42.1958 	EXP 	window1: blendMode = 'avg'
42.2103 	EXP 	window1: blendMode = 'avg'
42.2268 	EXP 	window1: blendMode = 'avg'
42.2435 	EXP 	window1: blendMode = 'avg'
42.2601 	EXP 	window1: blendMode = 'avg'
42.2769 	EXP 	window1: blendMode = 'avg'
42.2935 	EXP 	window1: blendMode = 'avg'
42.3101 	EXP 	window1: blendMode = 'avg'
42.3268 	EXP 	window1: blendMode = 'avg'
42.3435 	EXP 	window1: blendMode = 'avg'
42.3601 	EXP 	window1: blendMode = 'avg'
42.3768 	EXP 	window1: blendMode = 'avg'
42.3934 	EXP 	window1: blendMode = 'avg'
42.4101 	EXP 	window1: blendMode = 'avg'
42.4268 	EXP 	window1: blendMode = 'avg'
42.4435 	EXP 	window1: blendMode = 'avg'
42.4602 	EXP 	window1: blendMode = 'avg'
42.4767 	EXP 	window1: blendMode = 'avg'
42.4934 	EXP 	window1: blendMode = 'avg'
42.5101 	EXP 	window1: blendMode = 'avg'
42.5267 	EXP 	window1: blendMode = 'avg'
42.5434 	EXP 	window1: blendMode = 'avg'
42.5611 	EXP 	window1: blendMode = 'avg'
42.5767 	EXP 	window1: blendMode = 'avg'
42.5934 	EXP 	window1: blendMode = 'avg'
42.6100 	EXP 	window1: blendMode = 'avg'
42.6267 	EXP 	window1: blendMode = 'avg'
42.6433 	EXP 	window1: blendMode = 'avg'
42.6601 	EXP 	window1: blendMode = 'avg'
42.6767 	EXP 	window1: blendMode = 'avg'
42.6934 	EXP 	window1: blendMode = 'avg'
42.7100 	EXP 	window1: blendMode = 'avg'
42.7267 	EXP 	window1: blendMode = 'avg'
42.7433 	EXP 	window1: blendMode = 'avg'
42.7600 	EXP 	window1: blendMode = 'avg'
42.7770 	EXP 	window1: blendMode = 'avg'
42.7933 	EXP 	window1: blendMode = 'avg'
42.8100 	EXP 	window1: blendMode = 'avg'
42.8267 	EXP 	window1: blendMode = 'avg'
42.8433 	EXP 	window1: blendMode = 'avg'
42.8600 	EXP 	window1: blendMode = 'avg'
42.8767 	EXP 	window1: blendMode = 'avg'
42.8933 	EXP 	window1: blendMode = 'avg'
42.9099 	EXP 	window1: blendMode = 'avg'
42.9267 	EXP 	window1: blendMode = 'avg'
42.9432 	EXP 	window1: blendMode = 'avg'
42.9599 	EXP 	window1: blendMode = 'avg'
42.9771 	EXP 	window1: blendMode = 'avg'
42.9932 	EXP 	window1: blendMode = 'avg'
43.0100 	EXP 	window1: blendMode = 'avg'
43.0266 	EXP 	window1: blendMode = 'avg'
43.0432 	EXP 	window1: blendMode = 'avg'
43.0602 	EXP 	window1: blendMode = 'avg'
43.0766 	EXP 	window1: blendMode = 'avg'
43.0932 	EXP 	window1: blendMode = 'avg'
43.1099 	EXP 	window1: blendMode = 'avg'
43.1266 	EXP 	window1: blendMode = 'avg'
43.1432 	EXP 	window1: blendMode = 'avg'
43.1599 	EXP 	window1: blendMode = 'avg'
43.1765 	EXP 	window1: blendMode = 'avg'
43.1931 	EXP 	window1: blendMode = 'avg'
43.2120 	EXP 	window1: blendMode = 'avg'
43.2265 	EXP 	window1: blendMode = 'avg'
43.2432 	EXP 	window1: blendMode = 'avg'
43.2598 	EXP 	window1: blendMode = 'avg'
43.2765 	EXP 	window1: blendMode = 'avg'
43.2931 	EXP 	window1: blendMode = 'avg'
43.3099 	EXP 	window1: blendMode = 'avg'
43.3265 	EXP 	window1: blendMode = 'avg'
43.3434 	EXP 	window1: blendMode = 'avg'
43.3598 	EXP 	window1: blendMode = 'avg'
43.3765 	EXP 	window1: blendMode = 'avg'
43.3932 	EXP 	window1: blendMode = 'avg'
43.4098 	EXP 	window1: blendMode = 'avg'
43.4265 	EXP 	window1: blendMode = 'avg'
43.4431 	EXP 	window1: blendMode = 'avg'
43.4603 	EXP 	window1: blendMode = 'avg'
43.4765 	EXP 	window1: blendMode = 'avg'
43.4931 	EXP 	window1: blendMode = 'avg'
43.5312 	EXP 	window1: blendMode = 'avg'
43.5432 	EXP 	window1: blendMode = 'avg'
43.5663 	EXP 	window1: blendMode = 'avg'
43.5765 	EXP 	window1: blendMode = 'avg'
43.5933 	EXP 	window1: blendMode = 'avg'
43.6108 	EXP 	window1: blendMode = 'avg'
43.6268 	EXP 	window1: blendMode = 'avg'
43.6433 	EXP 	window1: blendMode = 'avg'
43.6600 	EXP 	window1: blendMode = 'avg'
43.6775 	EXP 	window1: blendMode = 'avg'
43.6930 	EXP 	window1: blendMode = 'avg'
43.7097 	EXP 	window1: blendMode = 'avg'
43.7264 	EXP 	window1: blendMode = 'avg'
43.7430 	EXP 	window1: blendMode = 'avg'
43.7599 	EXP 	window1: blendMode = 'avg'
43.7769 	EXP 	window1: blendMode = 'avg'
43.7930 	EXP 	window1: blendMode = 'avg'
43.8098 	EXP 	window1: blendMode = 'avg'
43.8263 	EXP 	window1: blendMode = 'avg'
43.8430 	EXP 	window1: blendMode = 'avg'
43.8596 	EXP 	window1: blendMode = 'avg'
43.8764 	EXP 	window1: blendMode = 'avg'
43.8929 	EXP 	window1: blendMode = 'avg'
43.9096 	EXP 	window1: blendMode = 'avg'
43.9265 	EXP 	window1: blendMode = 'avg'
43.9430 	EXP 	window1: blendMode = 'avg'
43.9597 	EXP 	window1: blendMode = 'avg'
43.9763 	EXP 	window1: blendMode = 'avg'
43.9929 	EXP 	window1: blendMode = 'avg'
44.0096 	EXP 	window1: blendMode = 'avg'
44.0262 	EXP 	window1: blendMode = 'avg'
44.0429 	EXP 	window1: blendMode = 'avg'
44.0596 	EXP 	window1: blendMode = 'avg'
44.0763 	EXP 	window1: blendMode = 'avg'
44.0929 	EXP 	window1: blendMode = 'avg'
44.1095 	EXP 	window1: blendMode = 'avg'
44.1262 	EXP 	window1: blendMode = 'avg'
44.1441 	EXP 	window1: blendMode = 'avg'
44.1595 	EXP 	window1: blendMode = 'avg'
44.1763 	EXP 	window1: blendMode = 'avg'
44.1929 	EXP 	window1: blendMode = 'avg'
44.2095 	EXP 	window1: blendMode = 'avg'
44.2267 	EXP 	window1: blendMode = 'avg'
44.2430 	EXP 	window1: blendMode = 'avg'
44.2596 	EXP 	window1: blendMode = 'avg'
44.2762 	EXP 	window1: blendMode = 'avg'
44.2929 	EXP 	window1: blendMode = 'avg'
44.3095 	EXP 	window1: blendMode = 'avg'
44.3262 	EXP 	window1: blendMode = 'avg'
44.3428 	EXP 	window1: blendMode = 'avg'
44.3594 	EXP 	window1: blendMode = 'avg'
44.3761 	EXP 	window1: blendMode = 'avg'
44.3929 	EXP 	window1: blendMode = 'avg'
44.4094 	EXP 	window1: blendMode = 'avg'
44.4261 	EXP 	window1: blendMode = 'avg'
44.4429 	EXP 	window1: blendMode = 'avg'
44.4594 	EXP 	window1: blendMode = 'avg'
44.4761 	EXP 	window1: blendMode = 'avg'
44.4927 	EXP 	window1: blendMode = 'avg'
44.5094 	EXP 	window1: blendMode = 'avg'
44.5261 	EXP 	window1: blendMode = 'avg'
44.5427 	EXP 	window1: blendMode = 'avg'
44.5594 	EXP 	window1: blendMode = 'avg'
44.5761 	EXP 	window1: blendMode = 'avg'
44.5928 	EXP 	window1: blendMode = 'avg'
44.6095 	EXP 	window1: blendMode = 'avg'
44.6261 	EXP 	window1: blendMode = 'avg'
44.6428 	EXP 	window1: blendMode = 'avg'
44.6593 	EXP 	window1: blendMode = 'avg'
44.6760 	EXP 	window1: blendMode = 'avg'
44.6927 	EXP 	window1: blendMode = 'avg'
44.7094 	EXP 	window1: blendMode = 'avg'
44.7260 	EXP 	window1: blendMode = 'avg'
44.7427 	EXP 	window1: blendMode = 'avg'
44.7593 	EXP 	window1: blendMode = 'avg'
44.7760 	EXP 	window1: blendMode = 'avg'
44.7927 	EXP 	window1: blendMode = 'avg'
44.8095 	EXP 	window1: blendMode = 'avg'
44.8260 	EXP 	window1: blendMode = 'avg'
44.8427 	EXP 	window1: blendMode = 'avg'
44.8593 	EXP 	window1: blendMode = 'avg'
44.8760 	EXP 	window1: blendMode = 'avg'
44.8927 	EXP 	window1: blendMode = 'avg'
44.9093 	EXP 	window1: blendMode = 'avg'
44.9260 	EXP 	window1: blendMode = 'avg'
44.9427 	EXP 	window1: blendMode = 'avg'
44.9593 	EXP 	window1: blendMode = 'avg'
44.9759 	EXP 	window1: blendMode = 'avg'
44.9930 	EXP 	window1: blendMode = 'avg'
45.0093 	EXP 	window1: blendMode = 'avg'
45.0260 	EXP 	window1: blendMode = 'avg'
45.0426 	EXP 	window1: blendMode = 'avg'
45.0593 	EXP 	window1: blendMode = 'avg'
45.0759 	EXP 	window1: blendMode = 'avg'
45.0926 	EXP 	window1: blendMode = 'avg'
45.1092 	EXP 	window1: blendMode = 'avg'
45.1259 	EXP 	window1: blendMode = 'avg'
45.1426 	EXP 	window1: blendMode = 'avg'
45.1592 	EXP 	window1: blendMode = 'avg'
45.1759 	EXP 	window1: blendMode = 'avg'
45.1925 	EXP 	window1: blendMode = 'avg'
45.2092 	EXP 	window1: blendMode = 'avg'
45.2259 	EXP 	window1: blendMode = 'avg'
45.2427 	EXP 	window1: blendMode = 'avg'
45.2593 	EXP 	window1: blendMode = 'avg'
45.2759 	EXP 	window1: blendMode = 'avg'
45.2925 	EXP 	window1: blendMode = 'avg'
45.3091 	EXP 	window1: blendMode = 'avg'
45.3261 	EXP 	window1: blendMode = 'avg'
45.3424 	EXP 	window1: blendMode = 'avg'
45.3606 	EXP 	window1: blendMode = 'avg'
45.3758 	EXP 	window1: blendMode = 'avg'
45.3925 	EXP 	window1: blendMode = 'avg'
45.4092 	EXP 	window1: blendMode = 'avg'
45.4258 	EXP 	window1: blendMode = 'avg'
45.4425 	EXP 	window1: blendMode = 'avg'
45.4592 	EXP 	window1: blendMode = 'avg'
45.4758 	EXP 	window1: blendMode = 'avg'
45.4924 	EXP 	window1: blendMode = 'avg'
45.5091 	EXP 	window1: blendMode = 'avg'
45.5257 	EXP 	window1: blendMode = 'avg'
45.5424 	EXP 	window1: blendMode = 'avg'
45.5591 	EXP 	window1: blendMode = 'avg'
45.5758 	EXP 	window1: blendMode = 'avg'
45.5924 	EXP 	window1: blendMode = 'avg'
45.6091 	EXP 	window1: blendMode = 'avg'
45.6257 	EXP 	window1: blendMode = 'avg'
45.6425 	EXP 	window1: blendMode = 'avg'
45.6590 	EXP 	window1: blendMode = 'avg'
45.6758 	EXP 	window1: blendMode = 'avg'
45.6923 	EXP 	window1: blendMode = 'avg'
45.7091 	EXP 	window1: blendMode = 'avg'
45.7257 	EXP 	window1: blendMode = 'avg'
45.7424 	EXP 	window1: blendMode = 'avg'
45.7591 	EXP 	window1: blendMode = 'avg'
45.7758 	EXP 	window1: blendMode = 'avg'
45.7930 	EXP 	window1: blendMode = 'avg'
45.8091 	EXP 	window1: blendMode = 'avg'
45.8257 	EXP 	window1: blendMode = 'avg'
45.8424 	EXP 	window1: blendMode = 'avg'
45.8590 	EXP 	window1: blendMode = 'avg'
45.8757 	EXP 	window1: blendMode = 'avg'
45.8923 	EXP 	window1: blendMode = 'avg'
45.9089 	EXP 	window1: blendMode = 'avg'
45.9258 	EXP 	window1: blendMode = 'avg'
45.9423 	EXP 	window1: blendMode = 'avg'
45.9589 	EXP 	window1: blendMode = 'avg'
45.9756 	EXP 	window1: blendMode = 'avg'
45.9923 	EXP 	window1: blendMode = 'avg'
46.0089 	EXP 	window1: blendMode = 'avg'
46.0256 	EXP 	window1: blendMode = 'avg'
46.0422 	EXP 	window1: blendMode = 'avg'
46.0589 	EXP 	window1: blendMode = 'avg'
46.0755 	EXP 	window1: blendMode = 'avg'
46.0923 	EXP 	window1: blendMode = 'avg'
46.1090 	EXP 	window1: blendMode = 'avg'
46.1258 	EXP 	window1: blendMode = 'avg'
46.1422 	EXP 	window1: blendMode = 'avg'
46.1589 	EXP 	window1: blendMode = 'avg'
46.1756 	EXP 	window1: blendMode = 'avg'
46.1925 	EXP 	window1: blendMode = 'avg'
46.2090 	EXP 	window1: blendMode = 'avg'
46.2256 	EXP 	window1: blendMode = 'avg'
46.2422 	EXP 	window1: blendMode = 'avg'
46.2590 	EXP 	window1: blendMode = 'avg'
46.2756 	EXP 	window1: blendMode = 'avg'
46.2922 	EXP 	window1: blendMode = 'avg'
46.3090 	EXP 	window1: blendMode = 'avg'
46.3256 	EXP 	window1: blendMode = 'avg'
46.3422 	EXP 	window1: blendMode = 'avg'
46.3588 	EXP 	window1: blendMode = 'avg'
46.3755 	EXP 	window1: blendMode = 'avg'
46.3922 	EXP 	window1: blendMode = 'avg'
46.4088 	EXP 	window1: blendMode = 'avg'
46.4255 	EXP 	window1: blendMode = 'avg'
46.4421 	EXP 	window1: blendMode = 'avg'
46.4588 	EXP 	window1: blendMode = 'avg'
46.4757 	EXP 	window1: blendMode = 'avg'
46.4921 	EXP 	window1: blendMode = 'avg'
46.5088 	EXP 	window1: blendMode = 'avg'
46.5254 	EXP 	window1: blendMode = 'avg'
46.5423 	EXP 	window1: blendMode = 'avg'
46.5587 	EXP 	window1: blendMode = 'avg'
46.5754 	EXP 	window1: blendMode = 'avg'
46.5921 	EXP 	window1: blendMode = 'avg'
46.6087 	EXP 	window1: blendMode = 'avg'
46.6255 	EXP 	window1: blendMode = 'avg'
46.6421 	EXP 	window1: blendMode = 'avg'
46.6588 	EXP 	window1: blendMode = 'avg'
46.6754 	EXP 	window1: blendMode = 'avg'
46.6921 	EXP 	window1: blendMode = 'avg'
46.7087 	EXP 	window1: blendMode = 'avg'
46.7255 	EXP 	window1: blendMode = 'avg'
46.8009 	EXP 	window1: blendMode = 'avg'
46.8255 	EXP 	window1: blendMode = 'avg'
46.8420 	EXP 	window1: blendMode = 'avg'
46.8589 	EXP 	window1: blendMode = 'avg'
46.8753 	EXP 	window1: blendMode = 'avg'
46.8920 	EXP 	window1: blendMode = 'avg'
46.9086 	EXP 	window1: blendMode = 'avg'
46.9253 	EXP 	window1: blendMode = 'avg'
46.9424 	EXP 	window1: blendMode = 'avg'
46.9588 	EXP 	window1: blendMode = 'avg'
46.9752 	EXP 	window1: blendMode = 'avg'
46.9920 	EXP 	window1: blendMode = 'avg'
47.0087 	EXP 	window1: blendMode = 'avg'
47.0253 	EXP 	window1: blendMode = 'avg'
47.0420 	EXP 	window1: blendMode = 'avg'
47.0586 	EXP 	window1: blendMode = 'avg'
47.0753 	EXP 	window1: blendMode = 'avg'
47.0919 	EXP 	window1: blendMode = 'avg'
47.1086 	EXP 	window1: blendMode = 'avg'
47.1253 	EXP 	window1: blendMode = 'avg'
47.1421 	EXP 	window1: blendMode = 'avg'
47.1585 	EXP 	window1: blendMode = 'avg'
47.1752 	EXP 	window1: blendMode = 'avg'
47.1918 	EXP 	window1: blendMode = 'avg'
47.2086 	EXP 	window1: blendMode = 'avg'
47.2252 	EXP 	window1: blendMode = 'avg'
47.2419 	EXP 	window1: blendMode = 'avg'
47.2586 	EXP 	window1: blendMode = 'avg'
47.2754 	EXP 	window1: blendMode = 'avg'
47.2918 	EXP 	window1: blendMode = 'avg'
47.3086 	EXP 	window1: blendMode = 'avg'
47.3253 	EXP 	window1: blendMode = 'avg'
47.3422 	EXP 	window1: blendMode = 'avg'
47.3585 	EXP 	window1: blendMode = 'avg'
47.3753 	EXP 	window1: blendMode = 'avg'
47.3918 	EXP 	window1: blendMode = 'avg'
47.4085 	EXP 	window1: blendMode = 'avg'
47.4253 	EXP 	window1: blendMode = 'avg'
47.4418 	EXP 	window1: blendMode = 'avg'
47.4585 	EXP 	window1: blendMode = 'avg'
47.4751 	EXP 	window1: blendMode = 'avg'
47.4918 	EXP 	window1: blendMode = 'avg'
47.5084 	EXP 	window1: blendMode = 'avg'
47.5252 	EXP 	window1: blendMode = 'avg'
47.5418 	EXP 	window1: blendMode = 'avg'
47.5584 	EXP 	window1: blendMode = 'avg'
47.5751 	EXP 	window1: blendMode = 'avg'
47.5918 	EXP 	window1: blendMode = 'avg'
47.6087 	EXP 	window1: blendMode = 'avg'
47.6253 	EXP 	window1: blendMode = 'avg'
47.6418 	EXP 	window1: blendMode = 'avg'
47.6584 	EXP 	window1: blendMode = 'avg'
47.6751 	EXP 	window1: blendMode = 'avg'
47.6917 	EXP 	window1: blendMode = 'avg'
47.7084 	EXP 	window1: blendMode = 'avg'
47.7251 	EXP 	window1: blendMode = 'avg'
47.7417 	EXP 	window1: blendMode = 'avg'
47.7584 	EXP 	window1: blendMode = 'avg'
47.7751 	EXP 	window1: blendMode = 'avg'
47.7918 	EXP 	window1: blendMode = 'avg'
47.8093 	EXP 	window1: blendMode = 'avg'
47.8250 	EXP 	window1: blendMode = 'avg'
47.8417 	EXP 	window1: blendMode = 'avg'
47.8583 	EXP 	window1: blendMode = 'avg'
47.8750 	EXP 	window1: blendMode = 'avg'
47.8917 	EXP 	window1: blendMode = 'avg'
47.9083 	EXP 	window1: blendMode = 'avg'
47.9250 	EXP 	window1: blendMode = 'avg'
47.9417 	EXP 	window1: blendMode = 'avg'
47.9583 	EXP 	window1: blendMode = 'avg'
47.9751 	EXP 	window1: blendMode = 'avg'
47.9916 	EXP 	window1: blendMode = 'avg'
48.0083 	EXP 	window1: blendMode = 'avg'
48.0250 	EXP 	window1: blendMode = 'avg'
48.0416 	EXP 	window1: blendMode = 'avg'
48.0582 	EXP 	window1: blendMode = 'avg'
48.0751 	EXP 	window1: blendMode = 'avg'
48.0916 	EXP 	window1: blendMode = 'avg'
48.1084 	EXP 	window1: blendMode = 'avg'
48.1250 	EXP 	window1: blendMode = 'avg'
48.1416 	EXP 	window1: blendMode = 'avg'
48.1582 	EXP 	window1: blendMode = 'avg'
48.1749 	EXP 	window1: blendMode = 'avg'
48.1915 	EXP 	window1: blendMode = 'avg'
48.2086 	EXP 	window1: blendMode = 'avg'
48.2253 	EXP 	window1: blendMode = 'avg'
48.2416 	EXP 	window1: blendMode = 'avg'
48.2582 	EXP 	window1: blendMode = 'avg'
48.2749 	EXP 	window1: blendMode = 'avg'
48.2917 	EXP 	window1: blendMode = 'avg'
48.3082 	EXP 	window1: blendMode = 'avg'
48.3252 	EXP 	window1: blendMode = 'avg'
48.3415 	EXP 	window1: blendMode = 'avg'
48.3582 	EXP 	window1: blendMode = 'avg'
48.3750 	EXP 	window1: blendMode = 'avg'
48.3916 	EXP 	window1: blendMode = 'avg'
48.4081 	EXP 	window1: blendMode = 'avg'
48.4249 	EXP 	window1: blendMode = 'avg'
48.4415 	EXP 	window1: blendMode = 'avg'
48.4582 	EXP 	window1: blendMode = 'avg'
48.4749 	EXP 	window1: blendMode = 'avg'
48.4917 	EXP 	window1: blendMode = 'avg'
48.5081 	EXP 	window1: blendMode = 'avg'
48.5248 	EXP 	window1: blendMode = 'avg'
48.5415 	EXP 	window1: blendMode = 'avg'
48.5581 	EXP 	window1: blendMode = 'avg'
48.5748 	EXP 	window1: blendMode = 'avg'
48.5914 	EXP 	window1: blendMode = 'avg'
48.6081 	EXP 	window1: blendMode = 'avg'
48.6248 	EXP 	window1: blendMode = 'avg'
48.6415 	EXP 	window1: blendMode = 'avg'
48.6583 	EXP 	window1: blendMode = 'avg'
48.6750 	EXP 	window1: blendMode = 'avg'
48.6916 	EXP 	window1: blendMode = 'avg'
48.7082 	EXP 	window1: blendMode = 'avg'
48.7249 	EXP 	window1: blendMode = 'avg'
48.7416 	EXP 	window1: blendMode = 'avg'
48.7581 	EXP 	window1: blendMode = 'avg'
48.7749 	EXP 	window1: blendMode = 'avg'
48.7915 	EXP 	window1: blendMode = 'avg'
48.8083 	EXP 	window1: blendMode = 'avg'
48.8249 	EXP 	window1: blendMode = 'avg'
48.8415 	EXP 	window1: blendMode = 'avg'
48.8580 	EXP 	window1: blendMode = 'avg'
48.8747 	EXP 	window1: blendMode = 'avg'
48.8913 	EXP 	window1: blendMode = 'avg'
48.9080 	EXP 	window1: blendMode = 'avg'
48.9247 	EXP 	window1: blendMode = 'avg'
48.9414 	EXP 	window1: blendMode = 'avg'
48.9579 	EXP 	window1: blendMode = 'avg'
48.9746 	EXP 	window1: blendMode = 'avg'
48.9913 	EXP 	window1: blendMode = 'avg'
49.0080 	EXP 	window1: blendMode = 'avg'
49.0252 	EXP 	window1: blendMode = 'avg'
49.0413 	EXP 	window1: blendMode = 'avg'
49.0580 	EXP 	window1: blendMode = 'avg'
49.0746 	EXP 	window1: blendMode = 'avg'
49.0914 	EXP 	window1: blendMode = 'avg'
49.1080 	EXP 	window1: blendMode = 'avg'
49.1246 	EXP 	window1: blendMode = 'avg'
49.1412 	EXP 	window1: blendMode = 'avg'
49.1579 	EXP 	window1: blendMode = 'avg'
49.1743 	DATA 	Keypress: space
49.2310 	EXP 	window1: blendMode = 'avg'
49.2406 	EXP 	instr_text: autoDraw = False
49.2561 	EXP 	window1: blendMode = 'avg'
49.2739 	EXP 	text_4: text = ' '
49.2739 	EXP 	text_4: text = u' '
50.2561 	EXP 	window1: blendMode = 'avg'
50.2883 	EXP 	text_4: text = 'M'
50.2883 	EXP 	text_4: text = u'M'
50.6667 	DATA 	Keypress: m
51.2503 	EXP 	window1: blendMode = 'avg'
51.2566 	EXP 	text_4: text = ' '
51.2566 	EXP 	text_4: text = u' '
52.2505 	EXP 	window1: blendMode = 'avg'
52.2731 	EXP 	text_4: text = 'M'
52.2731 	EXP 	text_4: text = u'M'
52.7297 	DATA 	Keypress: m
53.2637 	EXP 	window1: blendMode = 'avg'
53.2727 	EXP 	text_4: text = ' '
53.2727 	EXP 	text_4: text = u' '
54.2566 	EXP 	window1: blendMode = 'avg'
54.2731 	EXP 	text_4: text = 'W'
54.2731 	EXP 	text_4: text = u'W'
54.6744 	DATA 	Keypress: w
55.2473 	EXP 	window1: blendMode = 'avg'
55.2553 	EXP 	text_4: text = ' '
55.2553 	EXP 	text_4: text = u' '
56.2475 	EXP 	window1: blendMode = 'avg'
56.2550 	EXP 	text_4: text = 'M'
56.2550 	EXP 	text_4: text = u'M'
56.6105 	DATA 	Keypress: m
57.2472 	EXP 	window1: blendMode = 'avg'
57.2714 	EXP 	text_4: text = ' '
57.2714 	EXP 	text_4: text = u' '
58.2478 	EXP 	window1: blendMode = 'avg'
58.2711 	EXP 	text_4: text = 'M'
58.2711 	EXP 	text_4: text = u'M'
58.7305 	DATA 	Keypress: m
59.1914 	EXP 	Sound  started
59.2562 	EXP 	window1: blendMode = 'avg'
59.2872 	EXP 	text_4: text = ' '
59.2872 	EXP 	text_4: text = u' '
60.2536 	EXP 	window1: blendMode = 'avg'
60.2705 	EXP 	text_4: text = 'W'
60.2705 	EXP 	text_4: text = u'W'
60.3933 	EXP 	Sound  started
60.9785 	DATA 	Keypress: w
61.2568 	EXP 	window1: blendMode = 'avg'
61.2904 	EXP 	text_4: text = ' '
61.2904 	EXP 	text_4: text = u' '
61.5951 	EXP 	Sound  started
61.7144 	DATA 	Keypress: escape
