0.2728 	WARNING 	pyo audio lib was requested but not loaded: ImportError('No module named pyo',)
9.3053 	WARNING 	Framebuffer object (FBO) not supported on this graphics card
9.9057 	EXP 	Created window1 = Window(allowGUI=False, allowStencil=False, autoLog=True, bitsMode=UNKNOWN, blendMode='avg', color=array([ 0.,  0.,  0.]), colorSpace='rgb', fullscr=UNKNOWN, gamma=None, lms=UNKNOWN, monitor=<psychopy.monitors.calibTools.Monitor object at 0x0C935BB0>, multiSample=False, name='window1', numSamples=2, pos=None, screen=0, size=array([1280, 1024]), stereo=False, units=u'norm', useFBO=False, useRetina=False, viewOri=0.0, viewPos=None, viewScale=None, waitBlanking=True, winType='pygame')
9.9058 	EXP 	window1: recordFrameIntervals = False
10.0722 	EXP 	window1: recordFrameIntervals = True
10.1607 	WARNING 	t of last frame was 22.55ms (=1/44)
10.3384 	EXP 	window1: recordFrameIntervals = False
10.3397 	EXP 	Set  sound=stim/audio_40Hz_L.wav
10.3410 	EXP 	Set  sound=stim/audio_55Hz_L.wav
10.3420 	EXP 	Set  sound=stim/audio_40Hz_R.wav
10.3432 	EXP 	Set  sound=stim/audio_55Hz_R.wav
10.3433 	EXP 	Set Sound  volume=1.000
10.3433 	EXP 	Set Sound  volume=1.000
10.3433 	EXP 	Set Sound  volume=1.000
10.3433 	EXP 	Set Sound  volume=1.000
10.4015 	EXP 	Created text_4 = TextStim(alignHoriz='center', alignVert='center', antialias=True, autoLog=True, bold=False, color=u'white', colorSpace='named', contrast=1.0, depth=0.0, flipHoriz=False, flipVert=False, font=u'Arial', fontFiles=[], height=0.1, italic=False, name='text_4', opacity=1.0, ori=0, pos=array([ 0.,  0.]), rgb=array([ 255.,  255.,  255.]), text=u'X', units=u'norm', win=Window(...), wrapWidth=1)
10.4148 	EXP 	Created select_eeg_system = TextStim(alignHoriz='center', alignVert='center', antialias=True, autoLog=True, bold=False, color='white', colorSpace='named', contrast=1.0, depth=-1.0, flipHoriz=False, flipVert=False, font='Arial', fontFiles=[], height=0.1, italic=False, name='select_eeg_system', opacity=1.0, ori=0, pos=array([ 0.,  0.]), rgb=array([ 255.,  255.,  255.]), text=unicode(...), units=u'norm', win=Window(...), wrapWidth=1)
10.4230 	EXP 	Created instr_text = TextStim(alignHoriz='center', alignVert='center', antialias=True, autoLog=True, bold=False, color='white', colorSpace='named', contrast=1.0, depth=0.0, flipHoriz=False, flipVert=False, font='Arial', fontFiles=[], height=0.1, italic=False, name='instr_text', opacity=1.0, ori=0, pos=array([ 0.,  0.]), rgb=array([ 255.,  255.,  255.]), text=unicode(...), units=u'norm', win=Window(...), wrapWidth=1)
10.5590 	EXP 	Created unnamed PatchStim = PatchStim(autoDraw=False, autoLog=True, color=array([-0.5, -0.5, -0.5]), colorSpace='rgb', contrast=1.0, depth=0, interpolate=False, mask='circle', maskParams=None, name='unnamed PatchStim', opacity=1.0, ori=0.0, phase=array([ 0.,  0.]), pos=array([ 0.,  0.]), rgbPedestal=array([ 0.,  0.,  0.]), sf=array([ 1.,  1.]), size=array([ 0.1,  0.1]), tex=None, texRes=128, units=u'norm', win=Window(...))
10.5637 	EXP 	Created end_text = TextStim(alignHoriz='center', alignVert='center', antialias=True, autoLog=True, bold=False, color='white', colorSpace='named', contrast=1.0, depth=0.0, flipHoriz=False, flipVert=False, font='Arial', fontFiles=[], height=0.1, italic=False, name='end_text', opacity=1.0, ori=0, pos=array([ 0.,  0.]), rgb=array([ 255.,  255.,  255.]), text=u'This was the end - Thank you!', units=u'norm', win=Window(...), wrapWidth=1)
10.5647 	EXP 	window1: blendMode = 'avg'
10.5995 	EXP 	select_eeg_system: autoDraw = True
10.5998 	EXP 	window1: blendMode = 'avg'
10.6085 	EXP 	window1: blendMode = 'avg'
10.6216 	EXP 	window1: blendMode = 'avg'
10.6382 	EXP 	window1: blendMode = 'avg'
10.6548 	EXP 	window1: blendMode = 'avg'
10.6715 	EXP 	window1: blendMode = 'avg'
10.6908 	EXP 	window1: blendMode = 'avg'
10.7086 	EXP 	window1: blendMode = 'avg'
10.7250 	EXP 	window1: blendMode = 'avg'
10.7803 	EXP 	window1: blendMode = 'avg'
10.7969 	EXP 	window1: blendMode = 'avg'
10.8053 	EXP 	window1: blendMode = 'avg'
10.8215 	EXP 	window1: blendMode = 'avg'
10.8382 	EXP 	window1: blendMode = 'avg'
10.8548 	EXP 	window1: blendMode = 'avg'
10.8714 	EXP 	window1: blendMode = 'avg'
10.8883 	EXP 	window1: blendMode = 'avg'
10.9050 	EXP 	window1: blendMode = 'avg'
10.9215 	EXP 	window1: blendMode = 'avg'
10.9381 	EXP 	window1: blendMode = 'avg'
10.9548 	EXP 	window1: blendMode = 'avg'
10.9714 	EXP 	window1: blendMode = 'avg'
10.9881 	EXP 	window1: blendMode = 'avg'
11.0047 	EXP 	window1: blendMode = 'avg'
11.0213 	EXP 	window1: blendMode = 'avg'
11.0380 	EXP 	window1: blendMode = 'avg'
11.0547 	EXP 	window1: blendMode = 'avg'
11.0714 	EXP 	window1: blendMode = 'avg'
11.0880 	EXP 	window1: blendMode = 'avg'
11.1047 	EXP 	window1: blendMode = 'avg'
11.1213 	EXP 	window1: blendMode = 'avg'
11.1380 	EXP 	window1: blendMode = 'avg'
11.1547 	EXP 	window1: blendMode = 'avg'
11.1714 	EXP 	window1: blendMode = 'avg'
11.1880 	EXP 	window1: blendMode = 'avg'
11.2047 	EXP 	window1: blendMode = 'avg'
11.2213 	EXP 	window1: blendMode = 'avg'
11.2379 	EXP 	window1: blendMode = 'avg'
11.2546 	EXP 	window1: blendMode = 'avg'
11.2713 	EXP 	window1: blendMode = 'avg'
11.2880 	EXP 	window1: blendMode = 'avg'
11.3046 	EXP 	window1: blendMode = 'avg'
11.3212 	EXP 	window1: blendMode = 'avg'
11.3379 	EXP 	window1: blendMode = 'avg'
11.3546 	EXP 	window1: blendMode = 'avg'
11.3712 	EXP 	window1: blendMode = 'avg'
11.3879 	EXP 	window1: blendMode = 'avg'
11.4046 	EXP 	window1: blendMode = 'avg'
11.4212 	EXP 	window1: blendMode = 'avg'
11.4379 	EXP 	window1: blendMode = 'avg'
11.4546 	EXP 	window1: blendMode = 'avg'
11.4712 	EXP 	window1: blendMode = 'avg'
11.4878 	EXP 	window1: blendMode = 'avg'
11.5046 	EXP 	window1: blendMode = 'avg'
11.5212 	EXP 	window1: blendMode = 'avg'
11.5378 	EXP 	window1: blendMode = 'avg'
11.5545 	EXP 	window1: blendMode = 'avg'
11.5711 	EXP 	window1: blendMode = 'avg'
11.5878 	EXP 	window1: blendMode = 'avg'
11.6045 	EXP 	window1: blendMode = 'avg'
11.6212 	EXP 	window1: blendMode = 'avg'
11.6379 	EXP 	window1: blendMode = 'avg'
11.6545 	EXP 	window1: blendMode = 'avg'
11.6711 	EXP 	window1: blendMode = 'avg'
11.6878 	EXP 	window1: blendMode = 'avg'
11.7046 	EXP 	window1: blendMode = 'avg'
11.7212 	EXP 	window1: blendMode = 'avg'
11.7378 	EXP 	window1: blendMode = 'avg'
11.7544 	EXP 	window1: blendMode = 'avg'
11.7711 	EXP 	window1: blendMode = 'avg'
11.7877 	EXP 	window1: blendMode = 'avg'
11.8044 	EXP 	window1: blendMode = 'avg'
11.8211 	EXP 	window1: blendMode = 'avg'
11.8378 	EXP 	window1: blendMode = 'avg'
11.8544 	EXP 	window1: blendMode = 'avg'
11.8711 	EXP 	window1: blendMode = 'avg'
11.8877 	EXP 	window1: blendMode = 'avg'
11.9047 	EXP 	window1: blendMode = 'avg'
11.9212 	EXP 	window1: blendMode = 'avg'
11.9378 	EXP 	window1: blendMode = 'avg'
11.9544 	EXP 	window1: blendMode = 'avg'
11.9711 	EXP 	window1: blendMode = 'avg'
11.9877 	EXP 	window1: blendMode = 'avg'
12.0044 	EXP 	window1: blendMode = 'avg'
12.0211 	EXP 	window1: blendMode = 'avg'
12.0377 	EXP 	window1: blendMode = 'avg'
12.0544 	EXP 	window1: blendMode = 'avg'
12.0710 	EXP 	window1: blendMode = 'avg'
12.0877 	EXP 	window1: blendMode = 'avg'
12.1044 	EXP 	window1: blendMode = 'avg'
12.1210 	EXP 	window1: blendMode = 'avg'
12.1376 	EXP 	window1: blendMode = 'avg'
12.1543 	EXP 	window1: blendMode = 'avg'
12.1710 	EXP 	window1: blendMode = 'avg'
12.1876 	EXP 	window1: blendMode = 'avg'
12.2043 	EXP 	window1: blendMode = 'avg'
12.2209 	EXP 	window1: blendMode = 'avg'
12.2376 	EXP 	window1: blendMode = 'avg'
12.2543 	EXP 	window1: blendMode = 'avg'
12.2710 	EXP 	window1: blendMode = 'avg'
12.2884 	EXP 	window1: blendMode = 'avg'
12.3051 	EXP 	window1: blendMode = 'avg'
12.3210 	EXP 	window1: blendMode = 'avg'
12.3377 	EXP 	window1: blendMode = 'avg'
12.3544 	EXP 	window1: blendMode = 'avg'
12.3711 	EXP 	window1: blendMode = 'avg'
12.3878 	EXP 	window1: blendMode = 'avg'
12.4043 	EXP 	window1: blendMode = 'avg'
12.4210 	EXP 	window1: blendMode = 'avg'
12.4462 	EXP 	window1: blendMode = 'avg'
12.4544 	EXP 	window1: blendMode = 'avg'
12.4710 	EXP 	window1: blendMode = 'avg'
12.4877 	EXP 	window1: blendMode = 'avg'
12.5043 	EXP 	window1: blendMode = 'avg'
12.5210 	EXP 	window1: blendMode = 'avg'
12.5377 	EXP 	window1: blendMode = 'avg'
12.5543 	EXP 	window1: blendMode = 'avg'
12.5709 	EXP 	window1: blendMode = 'avg'
12.5877 	EXP 	window1: blendMode = 'avg'
12.6043 	EXP 	window1: blendMode = 'avg'
12.6210 	EXP 	window1: blendMode = 'avg'
12.6376 	EXP 	window1: blendMode = 'avg'
12.6543 	EXP 	window1: blendMode = 'avg'
12.7092 	EXP 	window1: blendMode = 'avg'
12.7416 	EXP 	window1: blendMode = 'avg'
12.7756 	EXP 	window1: blendMode = 'avg'
12.8446 	EXP 	window1: blendMode = 'avg'
12.8796 	EXP 	window1: blendMode = 'avg'
12.9158 	EXP 	window1: blendMode = 'avg'
12.9235 	EXP 	window1: blendMode = 'avg'
12.9376 	EXP 	window1: blendMode = 'avg'
12.9542 	EXP 	window1: blendMode = 'avg'
12.9708 	EXP 	window1: blendMode = 'avg'
12.9875 	EXP 	window1: blendMode = 'avg'
13.0041 	EXP 	window1: blendMode = 'avg'
13.0208 	EXP 	window1: blendMode = 'avg'
13.0375 	EXP 	window1: blendMode = 'avg'
13.0541 	EXP 	window1: blendMode = 'avg'
13.0708 	EXP 	window1: blendMode = 'avg'
13.0875 	EXP 	window1: blendMode = 'avg'
13.1236 	EXP 	window1: blendMode = 'avg'
13.1586 	EXP 	window1: blendMode = 'avg'
13.1926 	EXP 	window1: blendMode = 'avg'
13.2266 	EXP 	window1: blendMode = 'avg'
13.2606 	EXP 	window1: blendMode = 'avg'
13.2946 	EXP 	window1: blendMode = 'avg'
13.3199 	EXP 	window1: blendMode = 'avg'
13.3375 	EXP 	window1: blendMode = 'avg'
13.3541 	EXP 	window1: blendMode = 'avg'
13.3708 	EXP 	window1: blendMode = 'avg'
13.3873 	EXP 	window1: blendMode = 'avg'
13.4316 	EXP 	window1: blendMode = 'avg'
13.4657 	EXP 	window1: blendMode = 'avg'
13.4694 	EXP 	window1: blendMode = 'avg'
13.4874 	EXP 	window1: blendMode = 'avg'
13.5044 	EXP 	window1: blendMode = 'avg'
13.5207 	EXP 	window1: blendMode = 'avg'
13.5656 	EXP 	window1: blendMode = 'avg'
13.5697 	EXP 	window1: blendMode = 'avg'
13.6007 	EXP 	window1: blendMode = 'avg'
13.6207 	EXP 	window1: blendMode = 'avg'
13.6373 	EXP 	window1: blendMode = 'avg'
13.6539 	EXP 	window1: blendMode = 'avg'
13.6706 	EXP 	window1: blendMode = 'avg'
13.6873 	EXP 	window1: blendMode = 'avg'
13.7040 	EXP 	window1: blendMode = 'avg'
13.7206 	EXP 	window1: blendMode = 'avg'
13.7372 	EXP 	window1: blendMode = 'avg'
13.7540 	EXP 	window1: blendMode = 'avg'
13.7706 	EXP 	window1: blendMode = 'avg'
13.7879 	EXP 	window1: blendMode = 'avg'
13.8039 	EXP 	window1: blendMode = 'avg'
13.8206 	EXP 	window1: blendMode = 'avg'
13.8372 	EXP 	window1: blendMode = 'avg'
13.8539 	EXP 	window1: blendMode = 'avg'
13.8706 	EXP 	window1: blendMode = 'avg'
13.8872 	EXP 	window1: blendMode = 'avg'
13.9039 	EXP 	window1: blendMode = 'avg'
13.9205 	EXP 	window1: blendMode = 'avg'
13.9375 	EXP 	window1: blendMode = 'avg'
13.9539 	EXP 	window1: blendMode = 'avg'
13.9705 	EXP 	window1: blendMode = 'avg'
13.9872 	EXP 	window1: blendMode = 'avg'
14.0048 	EXP 	window1: blendMode = 'avg'
14.0205 	EXP 	window1: blendMode = 'avg'
14.0428 	EXP 	window1: blendMode = 'avg'
14.0767 	EXP 	window1: blendMode = 'avg'
14.1097 	EXP 	window1: blendMode = 'avg'
14.1438 	EXP 	window1: blendMode = 'avg'
14.1777 	EXP 	window1: blendMode = 'avg'
14.2118 	EXP 	window1: blendMode = 'avg'
14.2459 	EXP 	window1: blendMode = 'avg'
14.2809 	EXP 	window1: blendMode = 'avg'
14.3147 	EXP 	window1: blendMode = 'avg'
14.3498 	EXP 	window1: blendMode = 'avg'
14.3839 	EXP 	window1: blendMode = 'avg'
14.4057 	EXP 	window1: blendMode = 'avg'
14.4204 	EXP 	window1: blendMode = 'avg'
14.4369 	EXP 	window1: blendMode = 'avg'
14.4537 	EXP 	window1: blendMode = 'avg'
14.4703 	EXP 	window1: blendMode = 'avg'
14.4869 	EXP 	window1: blendMode = 'avg'
14.5035 	EXP 	window1: blendMode = 'avg'
14.5202 	EXP 	window1: blendMode = 'avg'
14.5369 	EXP 	window1: blendMode = 'avg'
14.5536 	EXP 	window1: blendMode = 'avg'
14.5702 	EXP 	window1: blendMode = 'avg'
14.5868 	EXP 	window1: blendMode = 'avg'
14.6026 	EXP 	window1: blendMode = 'avg'
14.6202 	EXP 	window1: blendMode = 'avg'
14.6369 	EXP 	window1: blendMode = 'avg'
14.6535 	EXP 	window1: blendMode = 'avg'
14.6702 	EXP 	window1: blendMode = 'avg'
14.6869 	EXP 	window1: blendMode = 'avg'
14.7226 	EXP 	window1: blendMode = 'avg'
14.7369 	EXP 	window1: blendMode = 'avg'
14.7535 	EXP 	window1: blendMode = 'avg'
14.7701 	EXP 	window1: blendMode = 'avg'
14.7869 	EXP 	window1: blendMode = 'avg'
14.8035 	EXP 	window1: blendMode = 'avg'
14.8201 	EXP 	window1: blendMode = 'avg'
14.8367 	EXP 	window1: blendMode = 'avg'
14.8534 	EXP 	window1: blendMode = 'avg'
14.8701 	EXP 	window1: blendMode = 'avg'
14.8868 	EXP 	window1: blendMode = 'avg'
14.9035 	EXP 	window1: blendMode = 'avg'
14.9201 	EXP 	window1: blendMode = 'avg'
14.9367 	EXP 	window1: blendMode = 'avg'
14.9535 	EXP 	window1: blendMode = 'avg'
14.9702 	EXP 	window1: blendMode = 'avg'
14.9868 	EXP 	window1: blendMode = 'avg'
15.0035 	EXP 	window1: blendMode = 'avg'
15.0201 	EXP 	window1: blendMode = 'avg'
15.0367 	EXP 	window1: blendMode = 'avg'
15.0534 	EXP 	window1: blendMode = 'avg'
15.0700 	EXP 	window1: blendMode = 'avg'
15.0867 	EXP 	window1: blendMode = 'avg'
15.1035 	EXP 	window1: blendMode = 'avg'
15.1200 	EXP 	window1: blendMode = 'avg'
15.1366 	EXP 	window1: blendMode = 'avg'
15.1533 	EXP 	window1: blendMode = 'avg'
15.1699 	EXP 	window1: blendMode = 'avg'
15.1867 	EXP 	window1: blendMode = 'avg'
15.2033 	EXP 	window1: blendMode = 'avg'
15.2201 	EXP 	window1: blendMode = 'avg'
15.2366 	EXP 	window1: blendMode = 'avg'
15.2536 	EXP 	window1: blendMode = 'avg'
15.2700 	EXP 	window1: blendMode = 'avg'
15.2867 	EXP 	window1: blendMode = 'avg'
15.3034 	EXP 	window1: blendMode = 'avg'
15.3201 	EXP 	window1: blendMode = 'avg'
15.3366 	EXP 	window1: blendMode = 'avg'
15.3533 	EXP 	window1: blendMode = 'avg'
15.3702 	EXP 	window1: blendMode = 'avg'
15.4047 	EXP 	window1: blendMode = 'avg'
15.4418 	EXP 	window1: blendMode = 'avg'
15.4757 	EXP 	window1: blendMode = 'avg'
15.4889 	EXP 	window1: blendMode = 'avg'
15.5033 	EXP 	window1: blendMode = 'avg'
15.5199 	EXP 	window1: blendMode = 'avg'
15.5366 	EXP 	window1: blendMode = 'avg'
15.5532 	EXP 	window1: blendMode = 'avg'
15.5699 	EXP 	window1: blendMode = 'avg'
15.5865 	EXP 	window1: blendMode = 'avg'
15.6032 	EXP 	window1: blendMode = 'avg'
15.6198 	EXP 	window1: blendMode = 'avg'
15.6365 	EXP 	window1: blendMode = 'avg'
15.6532 	EXP 	window1: blendMode = 'avg'
15.6699 	EXP 	window1: blendMode = 'avg'
15.6865 	EXP 	window1: blendMode = 'avg'
15.7033 	EXP 	window1: blendMode = 'avg'
15.7200 	EXP 	window1: blendMode = 'avg'
15.7365 	EXP 	window1: blendMode = 'avg'
15.7535 	EXP 	window1: blendMode = 'avg'
15.7698 	EXP 	window1: blendMode = 'avg'
15.7865 	EXP 	window1: blendMode = 'avg'
15.8031 	EXP 	window1: blendMode = 'avg'
15.8198 	EXP 	window1: blendMode = 'avg'
15.8364 	EXP 	window1: blendMode = 'avg'
15.8532 	EXP 	window1: blendMode = 'avg'
15.8699 	EXP 	window1: blendMode = 'avg'
15.8864 	EXP 	window1: blendMode = 'avg'
15.9032 	EXP 	window1: blendMode = 'avg'
15.9198 	EXP 	window1: blendMode = 'avg'
15.9364 	EXP 	window1: blendMode = 'avg'
15.9531 	EXP 	window1: blendMode = 'avg'
15.9699 	EXP 	window1: blendMode = 'avg'
15.9866 	EXP 	window1: blendMode = 'avg'
16.0031 	EXP 	window1: blendMode = 'avg'
16.0197 	EXP 	window1: blendMode = 'avg'
16.0364 	EXP 	window1: blendMode = 'avg'
16.0530 	EXP 	window1: blendMode = 'avg'
16.0697 	EXP 	window1: blendMode = 'avg'
16.0864 	EXP 	window1: blendMode = 'avg'
16.1031 	EXP 	window1: blendMode = 'avg'
16.1197 	EXP 	window1: blendMode = 'avg'
16.1364 	EXP 	window1: blendMode = 'avg'
16.1531 	EXP 	window1: blendMode = 'avg'
16.1697 	EXP 	window1: blendMode = 'avg'
16.1863 	EXP 	window1: blendMode = 'avg'
16.2031 	EXP 	window1: blendMode = 'avg'
16.2197 	EXP 	window1: blendMode = 'avg'
16.2363 	EXP 	window1: blendMode = 'avg'
16.2530 	EXP 	window1: blendMode = 'avg'
16.2696 	EXP 	window1: blendMode = 'avg'
16.2863 	EXP 	window1: blendMode = 'avg'
16.3030 	EXP 	window1: blendMode = 'avg'
16.3197 	EXP 	window1: blendMode = 'avg'
16.3363 	EXP 	window1: blendMode = 'avg'
16.3530 	EXP 	window1: blendMode = 'avg'
16.3696 	EXP 	window1: blendMode = 'avg'
16.3863 	EXP 	window1: blendMode = 'avg'
16.4029 	EXP 	window1: blendMode = 'avg'
16.4197 	EXP 	window1: blendMode = 'avg'
16.4363 	EXP 	window1: blendMode = 'avg'
16.4529 	EXP 	window1: blendMode = 'avg'
16.4696 	EXP 	window1: blendMode = 'avg'
16.4864 	EXP 	window1: blendMode = 'avg'
16.5030 	EXP 	window1: blendMode = 'avg'
16.5197 	EXP 	window1: blendMode = 'avg'
16.5362 	EXP 	window1: blendMode = 'avg'
16.5529 	EXP 	window1: blendMode = 'avg'
16.5695 	EXP 	window1: blendMode = 'avg'
16.5862 	EXP 	window1: blendMode = 'avg'
16.6029 	EXP 	window1: blendMode = 'avg'
16.6195 	EXP 	window1: blendMode = 'avg'
16.6363 	EXP 	window1: blendMode = 'avg'
16.6529 	EXP 	window1: blendMode = 'avg'
16.6695 	EXP 	window1: blendMode = 'avg'
16.6861 	EXP 	window1: blendMode = 'avg'
16.7030 	EXP 	window1: blendMode = 'avg'
16.7197 	EXP 	window1: blendMode = 'avg'
16.7368 	EXP 	window1: blendMode = 'avg'
16.7529 	EXP 	window1: blendMode = 'avg'
16.7695 	EXP 	window1: blendMode = 'avg'
16.7862 	EXP 	window1: blendMode = 'avg'
16.8028 	EXP 	window1: blendMode = 'avg'
16.8195 	EXP 	window1: blendMode = 'avg'
16.8361 	EXP 	window1: blendMode = 'avg'
16.8529 	EXP 	window1: blendMode = 'avg'
16.8695 	EXP 	window1: blendMode = 'avg'
16.8862 	EXP 	window1: blendMode = 'avg'
16.9031 	EXP 	window1: blendMode = 'avg'
16.9197 	EXP 	window1: blendMode = 'avg'
16.9361 	EXP 	window1: blendMode = 'avg'
16.9528 	EXP 	window1: blendMode = 'avg'
16.9697 	EXP 	window1: blendMode = 'avg'
16.9862 	EXP 	window1: blendMode = 'avg'
17.0028 	EXP 	window1: blendMode = 'avg'
17.0194 	EXP 	window1: blendMode = 'avg'
17.0360 	EXP 	window1: blendMode = 'avg'
17.0527 	EXP 	window1: blendMode = 'avg'
17.0695 	EXP 	window1: blendMode = 'avg'
17.0861 	EXP 	window1: blendMode = 'avg'
17.1027 	EXP 	window1: blendMode = 'avg'
17.1194 	EXP 	window1: blendMode = 'avg'
17.1361 	EXP 	window1: blendMode = 'avg'
17.1527 	EXP 	window1: blendMode = 'avg'
17.1694 	EXP 	window1: blendMode = 'avg'
17.1861 	EXP 	window1: blendMode = 'avg'
17.2027 	EXP 	window1: blendMode = 'avg'
17.2193 	EXP 	window1: blendMode = 'avg'
17.2360 	EXP 	window1: blendMode = 'avg'
17.2527 	EXP 	window1: blendMode = 'avg'
17.2694 	EXP 	window1: blendMode = 'avg'
17.2861 	EXP 	window1: blendMode = 'avg'
17.3027 	EXP 	window1: blendMode = 'avg'
17.3193 	EXP 	window1: blendMode = 'avg'
17.3360 	EXP 	window1: blendMode = 'avg'
17.3527 	EXP 	window1: blendMode = 'avg'
17.3693 	EXP 	window1: blendMode = 'avg'
17.3859 	EXP 	window1: blendMode = 'avg'
17.4027 	EXP 	window1: blendMode = 'avg'
17.4193 	EXP 	window1: blendMode = 'avg'
17.4366 	EXP 	window1: blendMode = 'avg'
17.4526 	EXP 	window1: blendMode = 'avg'
17.4692 	EXP 	window1: blendMode = 'avg'
17.4860 	EXP 	window1: blendMode = 'avg'
17.5026 	EXP 	window1: blendMode = 'avg'
17.5198 	EXP 	window1: blendMode = 'avg'
17.5357 	EXP 	select_eeg_system: autoDraw = False
17.5357 	EXP 	instr_text: autoDraw = True
17.5360 	EXP 	window1: blendMode = 'avg'
17.5526 	EXP 	window1: blendMode = 'avg'
17.5692 	EXP 	window1: blendMode = 'avg'
17.5859 	EXP 	window1: blendMode = 'avg'
17.6025 	EXP 	window1: blendMode = 'avg'
17.6194 	EXP 	window1: blendMode = 'avg'
17.6370 	EXP 	window1: blendMode = 'avg'
17.6526 	EXP 	window1: blendMode = 'avg'
17.6692 	EXP 	window1: blendMode = 'avg'
17.6860 	EXP 	window1: blendMode = 'avg'
17.7026 	EXP 	window1: blendMode = 'avg'
17.7194 	EXP 	window1: blendMode = 'avg'
17.7361 	EXP 	window1: blendMode = 'avg'
17.7525 	EXP 	window1: blendMode = 'avg'
17.7691 	EXP 	window1: blendMode = 'avg'
17.7858 	EXP 	window1: blendMode = 'avg'
17.8025 	EXP 	window1: blendMode = 'avg'
17.8192 	EXP 	window1: blendMode = 'avg'
17.8359 	EXP 	window1: blendMode = 'avg'
17.8525 	EXP 	window1: blendMode = 'avg'
17.8691 	EXP 	window1: blendMode = 'avg'
17.8858 	EXP 	window1: blendMode = 'avg'
17.9026 	EXP 	window1: blendMode = 'avg'
17.9199 	EXP 	window1: blendMode = 'avg'
17.9358 	EXP 	window1: blendMode = 'avg'
17.9525 	EXP 	window1: blendMode = 'avg'
17.9691 	EXP 	window1: blendMode = 'avg'
17.9859 	EXP 	window1: blendMode = 'avg'
18.0026 	EXP 	window1: blendMode = 'avg'
18.0191 	EXP 	window1: blendMode = 'avg'
18.0357 	EXP 	window1: blendMode = 'avg'
18.0525 	EXP 	window1: blendMode = 'avg'
18.0692 	EXP 	window1: blendMode = 'avg'
18.0857 	EXP 	window1: blendMode = 'avg'
18.1025 	EXP 	window1: blendMode = 'avg'
18.1190 	EXP 	window1: blendMode = 'avg'
18.1357 	EXP 	window1: blendMode = 'avg'
18.1524 	EXP 	window1: blendMode = 'avg'
18.1691 	EXP 	window1: blendMode = 'avg'
18.1858 	EXP 	window1: blendMode = 'avg'
18.2024 	EXP 	window1: blendMode = 'avg'
18.2190 	EXP 	window1: blendMode = 'avg'
18.2356 	EXP 	window1: blendMode = 'avg'
18.2523 	EXP 	window1: blendMode = 'avg'
18.2691 	EXP 	window1: blendMode = 'avg'
18.2857 	EXP 	window1: blendMode = 'avg'
18.3024 	EXP 	window1: blendMode = 'avg'
18.3190 	EXP 	window1: blendMode = 'avg'
18.3356 	EXP 	window1: blendMode = 'avg'
18.3523 	EXP 	window1: blendMode = 'avg'
18.3689 	EXP 	window1: blendMode = 'avg'
18.3858 	EXP 	window1: blendMode = 'avg'
18.4023 	EXP 	window1: blendMode = 'avg'
18.4189 	EXP 	window1: blendMode = 'avg'
18.4356 	EXP 	window1: blendMode = 'avg'
18.4522 	EXP 	window1: blendMode = 'avg'
18.4690 	EXP 	window1: blendMode = 'avg'
18.4870 	EXP 	window1: blendMode = 'avg'
18.5026 	EXP 	window1: blendMode = 'avg'
18.5189 	EXP 	window1: blendMode = 'avg'
18.5356 	EXP 	window1: blendMode = 'avg'
18.5522 	EXP 	window1: blendMode = 'avg'
18.5689 	EXP 	window1: blendMode = 'avg'
18.5855 	EXP 	window1: blendMode = 'avg'
18.6023 	EXP 	window1: blendMode = 'avg'
18.6189 	EXP 	window1: blendMode = 'avg'
18.6355 	EXP 	window1: blendMode = 'avg'
18.6522 	EXP 	window1: blendMode = 'avg'
18.6690 	EXP 	window1: blendMode = 'avg'
18.6855 	EXP 	window1: blendMode = 'avg'
18.7024 	EXP 	window1: blendMode = 'avg'
18.7190 	EXP 	window1: blendMode = 'avg'
18.7356 	EXP 	window1: blendMode = 'avg'
18.7522 	EXP 	window1: blendMode = 'avg'
18.7688 	EXP 	window1: blendMode = 'avg'
18.7855 	EXP 	window1: blendMode = 'avg'
18.8021 	EXP 	window1: blendMode = 'avg'
18.8189 	EXP 	window1: blendMode = 'avg'
18.8355 	EXP 	window1: blendMode = 'avg'
18.8523 	EXP 	window1: blendMode = 'avg'
18.8688 	EXP 	window1: blendMode = 'avg'
18.8855 	EXP 	window1: blendMode = 'avg'
18.9022 	EXP 	window1: blendMode = 'avg'
18.9189 	EXP 	window1: blendMode = 'avg'
18.9356 	EXP 	window1: blendMode = 'avg'
18.9521 	EXP 	window1: blendMode = 'avg'
18.9689 	EXP 	window1: blendMode = 'avg'
18.9855 	EXP 	window1: blendMode = 'avg'
19.0023 	EXP 	window1: blendMode = 'avg'
19.0189 	EXP 	window1: blendMode = 'avg'
19.0355 	EXP 	window1: blendMode = 'avg'
19.0521 	EXP 	window1: blendMode = 'avg'
19.0687 	EXP 	window1: blendMode = 'avg'
19.0854 	EXP 	window1: blendMode = 'avg'
19.1021 	EXP 	window1: blendMode = 'avg'
19.1187 	EXP 	window1: blendMode = 'avg'
19.1354 	EXP 	window1: blendMode = 'avg'
19.1522 	EXP 	window1: blendMode = 'avg'
19.1687 	EXP 	window1: blendMode = 'avg'
19.1854 	EXP 	window1: blendMode = 'avg'
19.2020 	EXP 	window1: blendMode = 'avg'
19.2187 	EXP 	window1: blendMode = 'avg'
19.2353 	EXP 	window1: blendMode = 'avg'
19.2521 	EXP 	window1: blendMode = 'avg'
19.2687 	EXP 	window1: blendMode = 'avg'
19.2853 	EXP 	window1: blendMode = 'avg'
19.3020 	EXP 	window1: blendMode = 'avg'
19.3187 	EXP 	window1: blendMode = 'avg'
19.3353 	EXP 	window1: blendMode = 'avg'
19.3520 	EXP 	window1: blendMode = 'avg'
19.3687 	EXP 	window1: blendMode = 'avg'
19.3853 	EXP 	window1: blendMode = 'avg'
19.4020 	EXP 	window1: blendMode = 'avg'
19.4186 	EXP 	window1: blendMode = 'avg'
19.4352 	EXP 	window1: blendMode = 'avg'
19.4519 	EXP 	window1: blendMode = 'avg'
19.4686 	EXP 	window1: blendMode = 'avg'
19.4853 	EXP 	window1: blendMode = 'avg'
19.5021 	EXP 	window1: blendMode = 'avg'
19.5186 	EXP 	window1: blendMode = 'avg'
19.5353 	EXP 	window1: blendMode = 'avg'
19.5519 	EXP 	window1: blendMode = 'avg'
19.5686 	EXP 	window1: blendMode = 'avg'
19.5854 	EXP 	window1: blendMode = 'avg'
19.6020 	EXP 	window1: blendMode = 'avg'
19.6186 	EXP 	window1: blendMode = 'avg'
19.6353 	EXP 	window1: blendMode = 'avg'
19.6519 	EXP 	window1: blendMode = 'avg'
19.6685 	EXP 	window1: blendMode = 'avg'
19.6853 	EXP 	window1: blendMode = 'avg'
19.7021 	EXP 	window1: blendMode = 'avg'
19.7187 	EXP 	window1: blendMode = 'avg'
19.7352 	EXP 	window1: blendMode = 'avg'
19.7519 	EXP 	window1: blendMode = 'avg'
19.7685 	EXP 	window1: blendMode = 'avg'
19.7853 	EXP 	window1: blendMode = 'avg'
19.8020 	EXP 	window1: blendMode = 'avg'
19.8185 	EXP 	window1: blendMode = 'avg'
19.8351 	EXP 	window1: blendMode = 'avg'
19.8518 	EXP 	window1: blendMode = 'avg'
19.8685 	EXP 	window1: blendMode = 'avg'
19.8852 	EXP 	window1: blendMode = 'avg'
19.9021 	EXP 	window1: blendMode = 'avg'
19.9185 	EXP 	window1: blendMode = 'avg'
19.9351 	EXP 	window1: blendMode = 'avg'
19.9518 	EXP 	window1: blendMode = 'avg'
19.9685 	EXP 	window1: blendMode = 'avg'
19.9851 	EXP 	window1: blendMode = 'avg'
20.0019 	EXP 	window1: blendMode = 'avg'
20.0187 	EXP 	window1: blendMode = 'avg'
20.0352 	EXP 	window1: blendMode = 'avg'
20.0518 	EXP 	window1: blendMode = 'avg'
20.0686 	EXP 	window1: blendMode = 'avg'
20.0851 	EXP 	window1: blendMode = 'avg'
20.1019 	EXP 	window1: blendMode = 'avg'
20.1185 	EXP 	window1: blendMode = 'avg'
20.1351 	EXP 	window1: blendMode = 'avg'
20.1518 	EXP 	window1: blendMode = 'avg'
20.1684 	EXP 	window1: blendMode = 'avg'
20.1851 	EXP 	window1: blendMode = 'avg'
20.2019 	EXP 	window1: blendMode = 'avg'
20.2184 	EXP 	window1: blendMode = 'avg'
20.2351 	EXP 	window1: blendMode = 'avg'
20.2517 	EXP 	window1: blendMode = 'avg'
20.2683 	EXP 	window1: blendMode = 'avg'
20.2851 	EXP 	window1: blendMode = 'avg'
20.3017 	EXP 	window1: blendMode = 'avg'
20.3184 	EXP 	window1: blendMode = 'avg'
20.3350 	EXP 	window1: blendMode = 'avg'
20.3518 	EXP 	window1: blendMode = 'avg'
20.3684 	EXP 	window1: blendMode = 'avg'
20.3850 	EXP 	window1: blendMode = 'avg'
20.4016 	EXP 	window1: blendMode = 'avg'
20.4183 	EXP 	window1: blendMode = 'avg'
20.4350 	EXP 	window1: blendMode = 'avg'
20.4710 	EXP 	window1: blendMode = 'avg'
20.4850 	EXP 	window1: blendMode = 'avg'
20.5019 	EXP 	window1: blendMode = 'avg'
20.5260 	EXP 	window1: blendMode = 'avg'
20.5610 	EXP 	window1: blendMode = 'avg'
20.5683 	EXP 	window1: blendMode = 'avg'
20.5850 	EXP 	window1: blendMode = 'avg'
20.6017 	EXP 	window1: blendMode = 'avg'
20.6184 	EXP 	window1: blendMode = 'avg'
20.6349 	EXP 	window1: blendMode = 'avg'
20.6515 	EXP 	window1: blendMode = 'avg'
20.6682 	EXP 	window1: blendMode = 'avg'
20.6849 	EXP 	window1: blendMode = 'avg'
20.7016 	EXP 	window1: blendMode = 'avg'
20.7184 	EXP 	window1: blendMode = 'avg'
20.7349 	EXP 	window1: blendMode = 'avg'
20.7515 	EXP 	window1: blendMode = 'avg'
20.7682 	EXP 	window1: blendMode = 'avg'
20.7849 	EXP 	window1: blendMode = 'avg'
20.8015 	EXP 	window1: blendMode = 'avg'
20.8183 	EXP 	window1: blendMode = 'avg'
20.8348 	EXP 	window1: blendMode = 'avg'
20.8515 	EXP 	window1: blendMode = 'avg'
20.8681 	EXP 	window1: blendMode = 'avg'
20.8848 	EXP 	window1: blendMode = 'avg'
20.9017 	EXP 	window1: blendMode = 'avg'
20.9182 	EXP 	window1: blendMode = 'avg'
20.9348 	EXP 	window1: blendMode = 'avg'
20.9515 	EXP 	window1: blendMode = 'avg'
20.9682 	EXP 	window1: blendMode = 'avg'
20.9848 	EXP 	window1: blendMode = 'avg'
21.0015 	EXP 	window1: blendMode = 'avg'
21.0181 	EXP 	window1: blendMode = 'avg'
21.0349 	EXP 	window1: blendMode = 'avg'
21.0516 	EXP 	window1: blendMode = 'avg'
21.0681 	EXP 	window1: blendMode = 'avg'
21.0848 	EXP 	window1: blendMode = 'avg'
21.1014 	EXP 	window1: blendMode = 'avg'
21.1181 	EXP 	window1: blendMode = 'avg'
21.1347 	EXP 	window1: blendMode = 'avg'
21.1514 	EXP 	window1: blendMode = 'avg'
21.1681 	EXP 	window1: blendMode = 'avg'
21.1848 	EXP 	window1: blendMode = 'avg'
21.2014 	EXP 	window1: blendMode = 'avg'
21.2181 	EXP 	window1: blendMode = 'avg'
21.2347 	EXP 	window1: blendMode = 'avg'
21.2513 	EXP 	window1: blendMode = 'avg'
21.2680 	EXP 	window1: blendMode = 'avg'
21.2847 	EXP 	window1: blendMode = 'avg'
21.3013 	EXP 	window1: blendMode = 'avg'
21.3180 	EXP 	window1: blendMode = 'avg'
21.3347 	EXP 	window1: blendMode = 'avg'
21.3513 	EXP 	window1: blendMode = 'avg'
21.3680 	EXP 	window1: blendMode = 'avg'
21.3847 	EXP 	window1: blendMode = 'avg'
21.4013 	EXP 	window1: blendMode = 'avg'
21.4181 	EXP 	window1: blendMode = 'avg'
21.4347 	EXP 	window1: blendMode = 'avg'
21.4513 	EXP 	window1: blendMode = 'avg'
21.4680 	EXP 	window1: blendMode = 'avg'
21.4846 	EXP 	window1: blendMode = 'avg'
21.5013 	EXP 	window1: blendMode = 'avg'
21.5179 	EXP 	window1: blendMode = 'avg'
21.5346 	EXP 	window1: blendMode = 'avg'
21.5513 	EXP 	window1: blendMode = 'avg'
21.5680 	EXP 	window1: blendMode = 'avg'
21.5846 	EXP 	window1: blendMode = 'avg'
21.6012 	EXP 	window1: blendMode = 'avg'
21.6179 	EXP 	window1: blendMode = 'avg'
21.6347 	EXP 	window1: blendMode = 'avg'
21.6513 	EXP 	window1: blendMode = 'avg'
21.6679 	EXP 	window1: blendMode = 'avg'
21.6845 	EXP 	window1: blendMode = 'avg'
21.7013 	EXP 	window1: blendMode = 'avg'
21.7181 	EXP 	window1: blendMode = 'avg'
21.7346 	EXP 	window1: blendMode = 'avg'
21.7513 	EXP 	window1: blendMode = 'avg'
21.7679 	EXP 	window1: blendMode = 'avg'
21.7845 	EXP 	window1: blendMode = 'avg'
21.8012 	EXP 	window1: blendMode = 'avg'
21.8179 	EXP 	window1: blendMode = 'avg'
21.8346 	EXP 	window1: blendMode = 'avg'
21.8513 	EXP 	window1: blendMode = 'avg'
21.8678 	EXP 	window1: blendMode = 'avg'
21.8847 	EXP 	window1: blendMode = 'avg'
21.9012 	EXP 	window1: blendMode = 'avg'
21.9178 	EXP 	window1: blendMode = 'avg'
21.9345 	EXP 	window1: blendMode = 'avg'
21.9511 	EXP 	window1: blendMode = 'avg'
21.9678 	EXP 	window1: blendMode = 'avg'
21.9845 	EXP 	window1: blendMode = 'avg'
22.0011 	EXP 	window1: blendMode = 'avg'
22.0178 	EXP 	window1: blendMode = 'avg'
22.0346 	EXP 	window1: blendMode = 'avg'
22.0513 	EXP 	window1: blendMode = 'avg'
22.0679 	EXP 	window1: blendMode = 'avg'
22.0844 	EXP 	window1: blendMode = 'avg'
22.1012 	EXP 	window1: blendMode = 'avg'
22.1178 	EXP 	window1: blendMode = 'avg'
22.1344 	EXP 	window1: blendMode = 'avg'
22.1511 	EXP 	window1: blendMode = 'avg'
22.1677 	EXP 	window1: blendMode = 'avg'
22.1844 	EXP 	window1: blendMode = 'avg'
22.2011 	EXP 	window1: blendMode = 'avg'
22.2178 	EXP 	window1: blendMode = 'avg'
22.2344 	EXP 	window1: blendMode = 'avg'
22.2510 	EXP 	window1: blendMode = 'avg'
22.2677 	EXP 	window1: blendMode = 'avg'
22.2843 	EXP 	window1: blendMode = 'avg'
22.3010 	EXP 	window1: blendMode = 'avg'
22.3177 	EXP 	window1: blendMode = 'avg'
22.3344 	EXP 	window1: blendMode = 'avg'
22.3510 	EXP 	window1: blendMode = 'avg'
22.3677 	EXP 	window1: blendMode = 'avg'
22.3843 	EXP 	window1: blendMode = 'avg'
22.4012 	EXP 	window1: blendMode = 'avg'
22.4177 	EXP 	window1: blendMode = 'avg'
22.4343 	EXP 	window1: blendMode = 'avg'
22.4510 	EXP 	window1: blendMode = 'avg'
22.4676 	EXP 	window1: blendMode = 'avg'
22.4843 	EXP 	window1: blendMode = 'avg'
22.5011 	EXP 	window1: blendMode = 'avg'
22.5176 	EXP 	window1: blendMode = 'avg'
22.5343 	EXP 	window1: blendMode = 'avg'
22.5510 	EXP 	window1: blendMode = 'avg'
22.5676 	EXP 	window1: blendMode = 'avg'
22.5846 	EXP 	window1: blendMode = 'avg'
22.6009 	EXP 	window1: blendMode = 'avg'
22.6177 	EXP 	window1: blendMode = 'avg'
22.6343 	EXP 	window1: blendMode = 'avg'
22.6509 	EXP 	window1: blendMode = 'avg'
22.6675 	EXP 	window1: blendMode = 'avg'
22.6843 	EXP 	window1: blendMode = 'avg'
22.7009 	EXP 	window1: blendMode = 'avg'
22.7177 	EXP 	window1: blendMode = 'avg'
22.7342 	EXP 	window1: blendMode = 'avg'
22.7509 	EXP 	window1: blendMode = 'avg'
22.7676 	EXP 	window1: blendMode = 'avg'
22.7842 	EXP 	window1: blendMode = 'avg'
22.8008 	EXP 	window1: blendMode = 'avg'
22.8175 	EXP 	window1: blendMode = 'avg'
22.8342 	EXP 	window1: blendMode = 'avg'
22.8509 	EXP 	window1: blendMode = 'avg'
22.8675 	EXP 	window1: blendMode = 'avg'
22.8842 	EXP 	window1: blendMode = 'avg'
22.9009 	EXP 	window1: blendMode = 'avg'
22.9176 	EXP 	window1: blendMode = 'avg'
22.9341 	EXP 	window1: blendMode = 'avg'
22.9508 	EXP 	window1: blendMode = 'avg'
22.9676 	EXP 	window1: blendMode = 'avg'
22.9842 	EXP 	window1: blendMode = 'avg'
23.0009 	EXP 	window1: blendMode = 'avg'
23.0174 	EXP 	window1: blendMode = 'avg'
23.0341 	EXP 	window1: blendMode = 'avg'
23.0508 	EXP 	window1: blendMode = 'avg'
23.0676 	EXP 	window1: blendMode = 'avg'
23.0843 	EXP 	window1: blendMode = 'avg'
23.1019 	EXP 	window1: blendMode = 'avg'
23.1173 	EXP 	instr_text: autoDraw = False
23.1173 	EXP 	unnamed PatchStim: tex = None
23.1286 	EXP 	window1: blendMode = 'avg'
23.1629 	EXP 	text_4: text = ' '
23.1629 	EXP 	text_4: text = u' '
24.1278 	EXP 	window1: blendMode = 'avg'
24.1336 	EXP 	text_4: text = 'M'
24.1336 	EXP 	text_4: text = u'M'
25.1276 	EXP 	window1: blendMode = 'avg'
25.1332 	EXP 	text_4: text = ' '
25.1332 	EXP 	text_4: text = u' '
26.1289 	EXP 	window1: blendMode = 'avg'
26.1496 	EXP 	text_4: text = 'W'
26.1496 	EXP 	text_4: text = u'W'
27.1198 	EXP 	window1: blendMode = 'avg'
27.1326 	EXP 	text_4: text = ' '
27.1326 	EXP 	text_4: text = u' '
28.1199 	EXP 	window1: blendMode = 'avg'
28.1323 	EXP 	text_4: text = 'M'
28.1323 	EXP 	text_4: text = u'M'
29.1199 	EXP 	window1: blendMode = 'avg'
29.1365 	EXP 	text_4: text = ' '
29.1365 	EXP 	text_4: text = u' '
30.1241 	EXP 	window1: blendMode = 'avg'
30.1317 	EXP 	text_4: text = 'M'
30.1317 	EXP 	text_4: text = u'M'
31.1220 	EXP 	window1: blendMode = 'avg'
31.1313 	EXP 	text_4: text = ' '
31.1313 	EXP 	text_4: text = u' '
32.1220 	EXP 	window1: blendMode = 'avg'
32.1317 	EXP 	text_4: text = 'W'
32.1317 	EXP 	text_4: text = u'W'
33.1022 	EXP 	Sound  started
33.1239 	EXP 	window1: blendMode = 'avg'
33.1585 	EXP 	text_4: text = ' '
33.1585 	EXP 	text_4: text = u' '
34.1282 	EXP 	window1: blendMode = 'avg'
34.1470 	EXP 	text_4: text = 'M'
34.1470 	EXP 	text_4: text = u'M'
34.3021 	EXP 	Sound  started
35.1282 	EXP 	window1: blendMode = 'avg'
35.1635 	EXP 	text_4: text = ' '
35.1635 	EXP 	text_4: text = u' '
35.5022 	EXP 	Sound  started
36.1193 	EXP 	window1: blendMode = 'avg'
36.1553 	EXP 	text_4: text = 'W'
36.1553 	EXP 	text_4: text = u'W'
36.7025 	EXP 	Sound  started
37.1213 	EXP 	window1: blendMode = 'avg'
37.1558 	EXP 	text_4: text = ' '
37.1558 	EXP 	text_4: text = u' '
37.9024 	EXP 	Sound  started
38.1214 	EXP 	window1: blendMode = 'avg'
38.1562 	EXP 	text_4: text = 'M'
38.1562 	EXP 	text_4: text = u'M'
39.1024 	EXP 	Sound  started
39.1214 	EXP 	window1: blendMode = 'avg'
39.1642 	EXP 	text_4: text = ' '
39.1642 	EXP 	text_4: text = u' '
40.1236 	EXP 	window1: blendMode = 'avg'
40.1284 	EXP 	text_4: text = 'W'
40.1284 	EXP 	text_4: text = u'W'
40.3025 	EXP 	Sound  started
40.6073 	EXP 	window1: blendMode = 'avg'
40.6122 	EXP 	window1: blendMode = 'avg'
40.6362 	EXP 	window1: blendMode = 'avg'
40.7242 	EXP 	window1: blendMode = 'avg'
40.7531 	EXP 	window1: blendMode = 'avg'
40.8642 	EXP 	window1: blendMode = 'avg'
40.8862 	EXP 	window1: blendMode = 'avg'
41.0120 	EXP 	window1: blendMode = 'avg'
41.0528 	EXP 	window1: blendMode = 'avg'
41.0864 	EXP 	window1: blendMode = 'avg'
41.1034 	EXP 	window1: blendMode = 'avg'
41.1282 	EXP 	window1: blendMode = 'avg'
41.1448 	EXP 	text_4: text = ' '
41.1448 	EXP 	text_4: text = u' '
41.2133 	EXP 	window1: blendMode = 'avg'
41.2560 	EXP 	window1: blendMode = 'avg'
41.3222 	EXP 	window1: blendMode = 'avg'
41.3521 	EXP 	window1: blendMode = 'avg'
41.4642 	EXP 	window1: blendMode = 'avg'
41.4861 	EXP 	window1: blendMode = 'avg'
41.5027 	EXP 	Sound  started
41.5853 	EXP 	window1: blendMode = 'avg'
41.6273 	EXP 	window1: blendMode = 'avg'
41.6873 	EXP 	window1: blendMode = 'avg'
41.7188 	EXP 	window1: blendMode = 'avg'
41.8143 	EXP 	window1: blendMode = 'avg'
41.8594 	EXP 	window1: blendMode = 'avg'
41.9246 	EXP 	window1: blendMode = 'avg'
41.9523 	EXP 	window1: blendMode = 'avg'
42.0663 	EXP 	window1: blendMode = 'avg'
42.0852 	EXP 	window1: blendMode = 'avg'
42.1202 	EXP 	window1: blendMode = 'avg'
42.1444 	EXP 	text_4: text = 'W'
42.1444 	EXP 	text_4: text = u'W'
42.1863 	EXP 	window1: blendMode = 'avg'
42.2022 	EXP 	window1: blendMode = 'avg'
42.2880 	EXP 	window1: blendMode = 'avg'
42.3194 	EXP 	window1: blendMode = 'avg'
42.4143 	EXP 	window1: blendMode = 'avg'
42.4352 	EXP 	window1: blendMode = 'avg'
42.5245 	EXP 	window1: blendMode = 'avg'
42.5521 	EXP 	window1: blendMode = 'avg'
42.6663 	EXP 	window1: blendMode = 'avg'
42.6853 	EXP 	window1: blendMode = 'avg'
42.7028 	EXP 	Sound  started
42.7863 	EXP 	window1: blendMode = 'avg'
42.8022 	EXP 	window1: blendMode = 'avg'
42.8884 	EXP 	window1: blendMode = 'avg'
42.9195 	EXP 	window1: blendMode = 'avg'
43.0154 	EXP 	window1: blendMode = 'avg'
43.0639 	EXP 	window1: blendMode = 'avg'
43.1255 	EXP 	window1: blendMode = 'avg'
43.1523 	EXP 	window1: blendMode = 'avg'
43.1621 	EXP 	window1: blendMode = 'avg'
43.1774 	EXP 	text_4: text = ' '
43.1774 	EXP 	text_4: text = u' '
43.2666 	EXP 	window1: blendMode = 'avg'
43.2858 	EXP 	window1: blendMode = 'avg'
43.3875 	EXP 	window1: blendMode = 'avg'
43.4185 	EXP 	window1: blendMode = 'avg'
43.4892 	EXP 	window1: blendMode = 'avg'
43.5184 	EXP 	window1: blendMode = 'avg'
43.6153 	EXP 	window1: blendMode = 'avg'
43.6359 	EXP 	window1: blendMode = 'avg'
43.7256 	EXP 	window1: blendMode = 'avg'
43.7513 	EXP 	window1: blendMode = 'avg'
43.8674 	EXP 	window1: blendMode = 'avg'
43.8851 	EXP 	window1: blendMode = 'avg'
43.9876 	EXP 	window1: blendMode = 'avg'
44.0185 	EXP 	window1: blendMode = 'avg'
44.0896 	EXP 	window1: blendMode = 'avg'
44.1183 	EXP 	window1: blendMode = 'avg'
44.1292 	EXP 	window1: blendMode = 'avg'
44.1438 	EXP 	text_4: text = 'M'
44.1438 	EXP 	text_4: text = u'M'
44.2164 	EXP 	window1: blendMode = 'avg'
44.2569 	EXP 	window1: blendMode = 'avg'
44.3414 	EXP 	window1: blendMode = 'avg'
44.3824 	EXP 	window1: blendMode = 'avg'
44.4706 	EXP 	window1: blendMode = 'avg'
44.5209 	EXP 	window1: blendMode = 'avg'
44.5930 	EXP 	window1: blendMode = 'avg'
44.6230 	EXP 	window1: blendMode = 'avg'
44.7221 	EXP 	window1: blendMode = 'avg'
44.7620 	EXP 	window1: blendMode = 'avg'
44.8162 	EXP 	window1: blendMode = 'avg'
44.8926 	EXP 	window1: blendMode = 'avg'
45.0688 	EXP 	window1: blendMode = 'avg'
45.1080 	EXP 	window1: blendMode = 'avg'
45.1368 	EXP 	window1: blendMode = 'avg'
45.1682 	EXP 	text_4: text = ' '
45.1682 	EXP 	text_4: text = u' '
45.2039 	EXP 	window1: blendMode = 'avg'
45.2421 	EXP 	window1: blendMode = 'avg'
45.2901 	EXP 	window1: blendMode = 'avg'
45.3439 	EXP 	window1: blendMode = 'avg'
45.4213 	EXP 	window1: blendMode = 'avg'
45.4890 	EXP 	window1: blendMode = 'avg'
45.5386 	EXP 	window1: blendMode = 'avg'
45.5901 	EXP 	window1: blendMode = 'avg'
45.6845 	EXP 	window1: blendMode = 'avg'
45.7622 	EXP 	window1: blendMode = 'avg'
45.7933 	EXP 	window1: blendMode = 'avg'
45.8174 	EXP 	window1: blendMode = 'avg'
45.8932 	EXP 	window1: blendMode = 'avg'
45.9173 	EXP 	window1: blendMode = 'avg'
46.0203 	EXP 	window1: blendMode = 'avg'
46.0514 	EXP 	window1: blendMode = 'avg'
46.1238 	EXP 	window1: blendMode = 'avg'
46.1433 	EXP 	text_4: text = 'W'
46.1433 	EXP 	text_4: text = u'W'
46.1472 	EXP 	window1: blendMode = 'avg'
46.1671 	EXP 	window1: blendMode = 'avg'
46.2843 	EXP 	window1: blendMode = 'avg'
46.3023 	EXP 	window1: blendMode = 'avg'
46.3924 	EXP 	window1: blendMode = 'avg'
46.4172 	EXP 	window1: blendMode = 'avg'
46.4944 	EXP 	window1: blendMode = 'avg'
46.5175 	EXP 	window1: blendMode = 'avg'
46.6218 	EXP 	window1: blendMode = 'avg'
46.6506 	EXP 	window1: blendMode = 'avg'
46.7309 	EXP 	window1: blendMode = 'avg'
46.7505 	EXP 	window1: blendMode = 'avg'
46.8726 	EXP 	window1: blendMode = 'avg'
46.9004 	EXP 	window1: blendMode = 'avg'
46.9936 	EXP 	window1: blendMode = 'avg'
47.0175 	EXP 	window1: blendMode = 'avg'
47.0954 	EXP 	window1: blendMode = 'avg'
47.1176 	EXP 	window1: blendMode = 'avg'
47.1285 	EXP 	window1: blendMode = 'avg'
47.1428 	EXP 	text_4: text = ' '
47.1428 	EXP 	text_4: text = u' '
47.2226 	EXP 	window1: blendMode = 'avg'
47.2505 	EXP 	window1: blendMode = 'avg'
47.3328 	EXP 	window1: blendMode = 'avg'
47.3508 	EXP 	window1: blendMode = 'avg'
47.4748 	EXP 	window1: blendMode = 'avg'
47.5005 	EXP 	window1: blendMode = 'avg'
47.5948 	EXP 	window1: blendMode = 'avg'
47.6175 	EXP 	window1: blendMode = 'avg'
47.6971 	EXP 	window1: blendMode = 'avg'
47.7179 	EXP 	window1: blendMode = 'avg'
47.8228 	EXP 	window1: blendMode = 'avg'
47.8506 	EXP 	window1: blendMode = 'avg'
47.9329 	EXP 	window1: blendMode = 'avg'
47.9507 	EXP 	window1: blendMode = 'avg'
48.0749 	EXP 	window1: blendMode = 'avg'
48.1006 	EXP 	window1: blendMode = 'avg'
48.1238 	EXP 	window1: blendMode = 'avg'
48.1425 	EXP 	text_4: text = 'W'
48.1425 	EXP 	text_4: text = u'W'
48.1947 	EXP 	window1: blendMode = 'avg'
48.2165 	EXP 	window1: blendMode = 'avg'
48.2967 	EXP 	window1: blendMode = 'avg'
48.3167 	EXP 	window1: blendMode = 'avg'
48.4238 	EXP 	window1: blendMode = 'avg'
48.4505 	EXP 	window1: blendMode = 'avg'
48.5338 	EXP 	window1: blendMode = 'avg'
48.5516 	EXP 	window1: blendMode = 'avg'
48.6738 	EXP 	window1: blendMode = 'avg'
48.7005 	EXP 	window1: blendMode = 'avg'
48.7947 	EXP 	window1: blendMode = 'avg'
48.8165 	EXP 	window1: blendMode = 'avg'
48.8968 	EXP 	window1: blendMode = 'avg'
48.9170 	EXP 	window1: blendMode = 'avg'
49.0228 	EXP 	window1: blendMode = 'avg'
49.0506 	EXP 	window1: blendMode = 'avg'
49.1248 	EXP 	window1: blendMode = 'avg'
49.1421 	EXP 	text_4: text = ' '
49.1421 	EXP 	text_4: text = u' '
49.1457 	EXP 	window1: blendMode = 'avg'
49.1665 	EXP 	window1: blendMode = 'avg'
49.2748 	EXP 	window1: blendMode = 'avg'
49.2996 	EXP 	window1: blendMode = 'avg'
49.3947 	EXP 	window1: blendMode = 'avg'
49.4168 	EXP 	window1: blendMode = 'avg'
49.4968 	EXP 	window1: blendMode = 'avg'
49.5166 	EXP 	window1: blendMode = 'avg'
49.6237 	EXP 	window1: blendMode = 'avg'
49.6497 	EXP 	window1: blendMode = 'avg'
49.7338 	EXP 	window1: blendMode = 'avg'
49.7506 	EXP 	window1: blendMode = 'avg'
49.8749 	EXP 	window1: blendMode = 'avg'
49.8997 	EXP 	window1: blendMode = 'avg'
49.9959 	EXP 	window1: blendMode = 'avg'
50.0167 	EXP 	window1: blendMode = 'avg'
50.0978 	EXP 	window1: blendMode = 'avg'
50.1166 	EXP 	window1: blendMode = 'avg'
50.1267 	EXP 	window1: blendMode = 'avg'
50.1419 	EXP 	text_4: text = 'M'
50.1419 	EXP 	text_4: text = u'M'
50.2239 	EXP 	window1: blendMode = 'avg'
50.2498 	EXP 	window1: blendMode = 'avg'
50.3338 	EXP 	window1: blendMode = 'avg'
50.3497 	EXP 	window1: blendMode = 'avg'
50.4757 	EXP 	window1: blendMode = 'avg'
50.5001 	EXP 	window1: blendMode = 'avg'
50.5958 	EXP 	window1: blendMode = 'avg'
50.6168 	EXP 	window1: blendMode = 'avg'
50.6978 	EXP 	window1: blendMode = 'avg'
50.7168 	EXP 	window1: blendMode = 'avg'
50.8251 	EXP 	window1: blendMode = 'avg'
50.8497 	EXP 	window1: blendMode = 'avg'
50.9337 	EXP 	window1: blendMode = 'avg'
50.9497 	EXP 	window1: blendMode = 'avg'
51.0759 	EXP 	window1: blendMode = 'avg'
51.0998 	EXP 	window1: blendMode = 'avg'
51.1248 	EXP 	window1: blendMode = 'avg'
51.1415 	EXP 	text_4: text = ' '
51.1415 	EXP 	text_4: text = u' '
51.1967 	EXP 	window1: blendMode = 'avg'
51.2157 	EXP 	window1: blendMode = 'avg'
51.2987 	EXP 	window1: blendMode = 'avg'
51.3157 	EXP 	window1: blendMode = 'avg'
51.4333 	EXP 	window1: blendMode = 'avg'
51.4492 	EXP 	window1: blendMode = 'avg'
51.5429 	EXP 	window1: blendMode = 'avg'
51.5657 	EXP 	window1: blendMode = 'avg'
51.6848 	EXP 	window1: blendMode = 'avg'
51.7160 	EXP 	window1: blendMode = 'avg'
51.8060 	EXP 	window1: blendMode = 'avg'
51.8326 	EXP 	window1: blendMode = 'avg'
51.9080 	EXP 	window1: blendMode = 'avg'
51.9329 	EXP 	window1: blendMode = 'avg'
52.0349 	EXP 	window1: blendMode = 'avg'
52.0659 	EXP 	window1: blendMode = 'avg'
52.1260 	EXP 	window1: blendMode = 'avg'
52.1422 	EXP 	text_4: text = 'W'
52.1422 	EXP 	text_4: text = u'W'
52.1458 	EXP 	window1: blendMode = 'avg'
52.1659 	EXP 	window1: blendMode = 'avg'
52.2859 	EXP 	window1: blendMode = 'avg'
52.3158 	EXP 	window1: blendMode = 'avg'
52.4070 	EXP 	window1: blendMode = 'avg'
52.4329 	EXP 	window1: blendMode = 'avg'
52.5090 	EXP 	window1: blendMode = 'avg'
52.5330 	EXP 	window1: blendMode = 'avg'
52.6349 	EXP 	window1: blendMode = 'avg'
52.6655 	EXP 	window1: blendMode = 'avg'
52.7450 	EXP 	window1: blendMode = 'avg'
52.7658 	EXP 	window1: blendMode = 'avg'
52.8871 	EXP 	window1: blendMode = 'avg'
52.9159 	EXP 	window1: blendMode = 'avg'
53.0070 	EXP 	window1: blendMode = 'avg'
53.0318 	EXP 	window1: blendMode = 'avg'
53.1023 	EXP 	Sound  started
53.1089 	EXP 	window1: blendMode = 'avg'
53.1321 	EXP 	window1: blendMode = 'avg'
53.1429 	EXP 	window1: blendMode = 'avg'
53.1575 	EXP 	text_4: text = ' '
53.1575 	EXP 	text_4: text = u' '
53.2361 	EXP 	window1: blendMode = 'avg'
53.2660 	EXP 	window1: blendMode = 'avg'
53.3450 	EXP 	window1: blendMode = 'avg'
53.3659 	EXP 	window1: blendMode = 'avg'
53.4872 	EXP 	window1: blendMode = 'avg'
53.5149 	EXP 	window1: blendMode = 'avg'
53.6084 	EXP 	window1: blendMode = 'avg'
53.6318 	EXP 	window1: blendMode = 'avg'
53.7101 	EXP 	window1: blendMode = 'avg'
53.7320 	EXP 	window1: blendMode = 'avg'
53.8370 	EXP 	window1: blendMode = 'avg'
53.8647 	EXP 	window1: blendMode = 'avg'
53.9470 	EXP 	window1: blendMode = 'avg'
53.9648 	EXP 	window1: blendMode = 'avg'
54.0892 	EXP 	window1: blendMode = 'avg'
54.1148 	EXP 	window1: blendMode = 'avg'
54.1259 	EXP 	window1: blendMode = 'avg'
54.1406 	EXP 	text_4: text = 'M'
54.1406 	EXP 	text_4: text = u'M'
54.2092 	EXP 	window1: blendMode = 'avg'
54.2319 	EXP 	window1: blendMode = 'avg'
54.3024 	EXP 	Sound  started
54.3113 	EXP 	window1: blendMode = 'avg'
54.3319 	EXP 	window1: blendMode = 'avg'
54.4371 	EXP 	window1: blendMode = 'avg'
54.4651 	EXP 	window1: blendMode = 'avg'
54.5476 	EXP 	window1: blendMode = 'avg'
54.5648 	EXP 	window1: blendMode = 'avg'
54.6891 	EXP 	window1: blendMode = 'avg'
54.7153 	EXP 	window1: blendMode = 'avg'
54.8092 	EXP 	window1: blendMode = 'avg'
54.8318 	EXP 	window1: blendMode = 'avg'
54.9113 	EXP 	window1: blendMode = 'avg'
54.9320 	EXP 	window1: blendMode = 'avg'
55.0381 	EXP 	window1: blendMode = 'avg'
55.0645 	EXP 	window1: blendMode = 'avg'
55.1202 	EXP 	window1: blendMode = 'avg'
55.1402 	EXP 	text_4: text = ' '
55.1402 	EXP 	text_4: text = u' '
55.1482 	EXP 	window1: blendMode = 'avg'
55.1651 	EXP 	window1: blendMode = 'avg'
55.2892 	EXP 	window1: blendMode = 'avg'
55.3152 	EXP 	window1: blendMode = 'avg'
55.4101 	EXP 	window1: blendMode = 'avg'
55.4310 	EXP 	window1: blendMode = 'avg'
55.5060 	EXP 	Sound  started
55.5122 	EXP 	window1: blendMode = 'avg'
55.5313 	EXP 	window1: blendMode = 'avg'
55.6390 	EXP 	window1: blendMode = 'avg'
55.6650 	EXP 	window1: blendMode = 'avg'
55.7483 	EXP 	window1: blendMode = 'avg'
55.7649 	EXP 	window1: blendMode = 'avg'
55.8901 	EXP 	window1: blendMode = 'avg'
55.9151 	EXP 	window1: blendMode = 'avg'
56.0102 	EXP 	window1: blendMode = 'avg'
56.0312 	EXP 	window1: blendMode = 'avg'
56.1121 	EXP 	window1: blendMode = 'avg'
56.1313 	EXP 	window1: blendMode = 'avg'
56.1421 	EXP 	window1: blendMode = 'avg'
56.1566 	EXP 	text_4: text = 'W'
56.1566 	EXP 	text_4: text = u'W'
56.2395 	EXP 	window1: blendMode = 'avg'
56.2640 	EXP 	window1: blendMode = 'avg'
56.3492 	EXP 	window1: blendMode = 'avg'
56.3810 	EXP 	window1: blendMode = 'avg'
56.5057 	EXP 	window1: blendMode = 'avg'
56.5306 	EXP 	window1: blendMode = 'avg'
56.6111 	EXP 	window1: blendMode = 'avg'
56.6311 	EXP 	window1: blendMode = 'avg'
56.7067 	EXP 	Sound  started
56.7133 	EXP 	window1: blendMode = 'avg'
56.7311 	EXP 	window1: blendMode = 'avg'
56.8395 	EXP 	window1: blendMode = 'avg'
56.8641 	EXP 	window1: blendMode = 'avg'
56.9492 	EXP 	window1: blendMode = 'avg'
56.9813 	EXP 	window1: blendMode = 'avg'
57.0912 	EXP 	window1: blendMode = 'avg'
57.1141 	EXP 	window1: blendMode = 'avg'
57.1251 	EXP 	window1: blendMode = 'avg'
57.1396 	EXP 	text_4: text = ' '
57.1396 	EXP 	text_4: text = u' '
57.2113 	EXP 	window1: blendMode = 'avg'
57.2310 	EXP 	window1: blendMode = 'avg'
57.3138 	EXP 	window1: blendMode = 'avg'
57.3312 	EXP 	window1: blendMode = 'avg'
57.4401 	EXP 	window1: blendMode = 'avg'
57.4641 	EXP 	window1: blendMode = 'avg'
57.5495 	EXP 	window1: blendMode = 'avg'
57.5809 	EXP 	window1: blendMode = 'avg'
57.6912 	EXP 	window1: blendMode = 'avg'
57.7139 	EXP 	window1: blendMode = 'avg'
57.8124 	EXP 	window1: blendMode = 'avg'
57.8303 	EXP 	window1: blendMode = 'avg'
57.9066 	EXP 	Sound  started
57.9142 	EXP 	window1: blendMode = 'avg'
57.9301 	EXP 	window1: blendMode = 'avg'
58.0413 	EXP 	window1: blendMode = 'avg'
58.0641 	EXP 	window1: blendMode = 'avg'
58.1015 	EXP 	window1: blendMode = 'avg'
58.1254 	EXP 	window1: blendMode = 'avg'
58.1393 	EXP 	text_4: text = 'M'
58.1393 	EXP 	text_4: text = u'M'
59.1065 	EXP 	Sound  started
59.1246 	EXP 	window1: blendMode = 'avg'
59.1390 	EXP 	text_4: text = ' '
59.1390 	EXP 	text_4: text = u' '
60.1247 	EXP 	window1: blendMode = 'avg'
60.1386 	EXP 	text_4: text = 'M'
60.1386 	EXP 	text_4: text = u'M'
60.3069 	EXP 	Sound  started
61.1208 	EXP 	window1: blendMode = 'avg'
61.1383 	EXP 	text_4: text = ' '
61.1383 	EXP 	text_4: text = u' '
61.5069 	EXP 	Sound  started
62.1209 	EXP 	window1: blendMode = 'avg'
62.1380 	EXP 	text_4: text = 'M'
62.1380 	EXP 	text_4: text = u'M'
62.7261 	EXP 	Sound  started
63.1209 	EXP 	window1: blendMode = 'avg'
63.1376 	EXP 	text_4: text = ' '
63.1376 	EXP 	text_4: text = u' '
64.1210 	EXP 	window1: blendMode = 'avg'
64.1373 	EXP 	text_4: text = 'W'
64.1373 	EXP 	text_4: text = u'W'
65.1210 	EXP 	window1: blendMode = 'avg'
65.1370 	EXP 	text_4: text = ' '
65.1370 	EXP 	text_4: text = u' '
66.1211 	EXP 	window1: blendMode = 'avg'
66.1366 	EXP 	text_4: text = 'M'
66.1366 	EXP 	text_4: text = u'M'
67.1211 	EXP 	window1: blendMode = 'avg'
67.1364 	EXP 	text_4: text = ' '
67.1364 	EXP 	text_4: text = u' '
68.1213 	EXP 	window1: blendMode = 'avg'
68.1360 	EXP 	text_4: text = 'W'
68.1360 	EXP 	text_4: text = u'W'
69.1212 	EXP 	window1: blendMode = 'avg'
69.1357 	EXP 	text_4: text = ' '
69.1357 	EXP 	text_4: text = u' '
70.1213 	EXP 	window1: blendMode = 'avg'
70.1354 	EXP 	text_4: text = 'M'
70.1354 	EXP 	text_4: text = u'M'
71.1214 	EXP 	window1: blendMode = 'avg'
71.1351 	EXP 	text_4: text = ' '
71.1351 	EXP 	text_4: text = u' '
72.1214 	EXP 	window1: blendMode = 'avg'
72.1347 	EXP 	text_4: text = 'W'
72.1347 	EXP 	text_4: text = u'W'
73.1024 	EXP 	Sound  started
73.1217 	EXP 	window1: blendMode = 'avg'
73.1345 	EXP 	text_4: text = ' '
73.1345 	EXP 	text_4: text = u' '
74.1215 	EXP 	window1: blendMode = 'avg'
74.1341 	EXP 	text_4: text = 'M'
74.1341 	EXP 	text_4: text = u'M'
74.5024 	EXP 	Sound  started
75.1216 	EXP 	window1: blendMode = 'avg'
75.1338 	EXP 	text_4: text = ' '
75.1338 	EXP 	text_4: text = u' '
75.6023 	EXP 	window1: blendMode = 'avg'
75.6082 	EXP 	window1: blendMode = 'avg'
75.6416 	EXP 	window1: blendMode = 'avg'
75.7173 	EXP 	window1: blendMode = 'avg'
75.7411 	EXP 	window1: blendMode = 'avg'
75.8592 	EXP 	window1: blendMode = 'avg'
75.8750 	EXP 	window1: blendMode = 'avg'
75.9026 	EXP 	Sound  started
75.9806 	EXP 	window1: blendMode = 'avg'
76.0084 	EXP 	window1: blendMode = 'avg'
76.0823 	EXP 	window1: blendMode = 'avg'
76.1082 	EXP 	window1: blendMode = 'avg'
76.1222 	EXP 	window1: blendMode = 'avg'
76.1334 	EXP 	text_4: text = 'M'
76.1334 	EXP 	text_4: text = u'M'
76.2095 	EXP 	window1: blendMode = 'avg'
76.2412 	EXP 	window1: blendMode = 'avg'
76.3196 	EXP 	window1: blendMode = 'avg'
76.3557 	EXP 	window1: blendMode = 'avg'
76.4597 	EXP 	window1: blendMode = 'avg'
76.4917 	EXP 	window1: blendMode = 'avg'
76.5808 	EXP 	window1: blendMode = 'avg'
76.6107 	EXP 	window1: blendMode = 'avg'
76.6880 	EXP 	window1: blendMode = 'avg'
76.7085 	EXP 	window1: blendMode = 'avg'
76.8303 	EXP 	window1: blendMode = 'avg'
76.8578 	EXP 	window1: blendMode = 'avg'
76.9321 	EXP 	window1: blendMode = 'avg'
76.9577 	EXP 	window1: blendMode = 'avg'
77.0619 	EXP 	window1: blendMode = 'avg'
77.0907 	EXP 	window1: blendMode = 'avg'
77.1328 	EXP 	window1: blendMode = 'avg'
77.1670 	EXP 	text_4: text = ' '
77.1670 	EXP 	text_4: text = u' '
77.2219 	EXP 	window1: blendMode = 'avg'
77.2407 	EXP 	window1: blendMode = 'avg'
77.2889 	EXP 	window1: blendMode = 'avg'
77.3070 	EXP 	window1: blendMode = 'avg'
77.3245 	EXP 	Sound  started
77.4200 	EXP 	window1: blendMode = 'avg'
77.4411 	EXP 	window1: blendMode = 'avg'
77.5299 	EXP 	window1: blendMode = 'avg'
77.5568 	EXP 	window1: blendMode = 'avg'
77.6711 	EXP 	window1: blendMode = 'avg'
77.6910 	EXP 	window1: blendMode = 'avg'
77.7956 	EXP 	window1: blendMode = 'avg'
77.8239 	EXP 	window1: blendMode = 'avg'
77.9019 	EXP 	window1: blendMode = 'avg'
77.9239 	EXP 	window1: blendMode = 'avg'
78.0233 	EXP 	window1: blendMode = 'avg'
78.0399 	EXP 	window1: blendMode = 'avg'
78.1345 	EXP 	window1: blendMode = 'avg'
78.1507 	EXP 	text_4: text = 'W'
78.1507 	EXP 	text_4: text = u'W'
78.1538 	EXP 	window1: blendMode = 'avg'
78.1737 	EXP 	window1: blendMode = 'avg'
78.2741 	EXP 	window1: blendMode = 'avg'
78.2897 	EXP 	window1: blendMode = 'avg'
78.3953 	EXP 	window1: blendMode = 'avg'
78.4244 	EXP 	window1: blendMode = 'avg'
78.4975 	EXP 	window1: blendMode = 'avg'
78.5243 	EXP 	window1: blendMode = 'avg'
78.6243 	EXP 	window1: blendMode = 'avg'
78.6399 	EXP 	window1: blendMode = 'avg'
78.7248 	EXP 	Sound  started
78.7344 	EXP 	window1: blendMode = 'avg'
78.7572 	EXP 	window1: blendMode = 'avg'
78.8755 	EXP 	window1: blendMode = 'avg'
78.9079 	EXP 	window1: blendMode = 'avg'
78.9962 	EXP 	window1: blendMode = 'avg'
79.0237 	EXP 	window1: blendMode = 'avg'
79.0985 	EXP 	window1: blendMode = 'avg'
79.1233 	EXP 	window1: blendMode = 'avg'
79.1344 	EXP 	window1: blendMode = 'avg'
79.1491 	EXP 	text_4: text = ' '
79.1491 	EXP 	text_4: text = u' '
79.2244 	EXP 	window1: blendMode = 'avg'
79.2403 	EXP 	window1: blendMode = 'avg'
79.3344 	EXP 	window1: blendMode = 'avg'
79.3584 	EXP 	window1: blendMode = 'avg'
79.4764 	EXP 	window1: blendMode = 'avg'
79.5074 	EXP 	window1: blendMode = 'avg'
79.5965 	EXP 	window1: blendMode = 'avg'
79.6233 	EXP 	window1: blendMode = 'avg'
79.6988 	EXP 	window1: blendMode = 'avg'
79.7234 	EXP 	window1: blendMode = 'avg'
79.8255 	EXP 	window1: blendMode = 'avg'
79.8567 	EXP 	window1: blendMode = 'avg'
79.9346 	EXP 	window1: blendMode = 'avg'
79.9564 	EXP 	window1: blendMode = 'avg'
80.0764 	EXP 	window1: blendMode = 'avg'
80.1065 	EXP 	window1: blendMode = 'avg'
80.1249 	EXP 	Sound  started
80.1285 	EXP 	window1: blendMode = 'avg'
80.1488 	EXP 	text_4: text = 'W'
80.1488 	EXP 	text_4: text = u'W'
80.1974 	EXP 	window1: blendMode = 'avg'
80.2237 	EXP 	window1: blendMode = 'avg'
80.2995 	EXP 	window1: blendMode = 'avg'
80.3234 	EXP 	window1: blendMode = 'avg'
80.4268 	EXP 	window1: blendMode = 'avg'
80.4565 	EXP 	window1: blendMode = 'avg'
80.5366 	EXP 	window1: blendMode = 'avg'
80.5579 	EXP 	window1: blendMode = 'avg'
80.6786 	EXP 	window1: blendMode = 'avg'
80.7064 	EXP 	window1: blendMode = 'avg'
80.7987 	EXP 	window1: blendMode = 'avg'
80.8235 	EXP 	window1: blendMode = 'avg'
80.9006 	EXP 	window1: blendMode = 'avg'
80.9237 	EXP 	window1: blendMode = 'avg'
81.0268 	EXP 	window1: blendMode = 'avg'
81.0564 	EXP 	window1: blendMode = 'avg'
81.1275 	EXP 	window1: blendMode = 'avg'
81.1485 	EXP 	text_4: text = ' '
81.1485 	EXP 	text_4: text = u' '
81.1526 	EXP 	window1: blendMode = 'avg'
81.1736 	EXP 	window1: blendMode = 'avg'
81.2788 	EXP 	window1: blendMode = 'avg'
81.3064 	EXP 	window1: blendMode = 'avg'
81.3986 	EXP 	window1: blendMode = 'avg'
81.4235 	EXP 	window1: blendMode = 'avg'
81.5005 	EXP 	window1: blendMode = 'avg'
81.5225 	EXP 	window1: blendMode = 'avg'
81.5327 	EXP 	Sound  started
81.6271 	EXP 	window1: blendMode = 'avg'
81.6568 	EXP 	window1: blendMode = 'avg'
81.7379 	EXP 	window1: blendMode = 'avg'
81.7565 	EXP 	window1: blendMode = 'avg'
81.8789 	EXP 	window1: blendMode = 'avg'
81.9065 	EXP 	window1: blendMode = 'avg'
81.9996 	EXP 	window1: blendMode = 'avg'
82.0227 	EXP 	window1: blendMode = 'avg'
82.1016 	EXP 	window1: blendMode = 'avg'
82.1224 	EXP 	window1: blendMode = 'avg'
82.1333 	EXP 	window1: blendMode = 'avg'
82.1482 	EXP 	text_4: text = 'M'
82.1482 	EXP 	text_4: text = u'M'
82.2276 	EXP 	window1: blendMode = 'avg'
82.2563 	EXP 	window1: blendMode = 'avg'
82.3375 	EXP 	window1: blendMode = 'avg'
82.3550 	EXP 	window1: blendMode = 'avg'
82.4800 	EXP 	window1: blendMode = 'avg'
82.5057 	EXP 	window1: blendMode = 'avg'
82.5996 	EXP 	window1: blendMode = 'avg'
82.6227 	EXP 	window1: blendMode = 'avg'
82.7018 	EXP 	window1: blendMode = 'avg'
82.7226 	EXP 	window1: blendMode = 'avg'
82.8288 	EXP 	window1: blendMode = 'avg'
82.8559 	EXP 	window1: blendMode = 'avg'
82.9330 	EXP 	Sound  started
82.9380 	EXP 	window1: blendMode = 'avg'
82.9555 	EXP 	window1: blendMode = 'avg'
83.0796 	EXP 	window1: blendMode = 'avg'
83.1056 	EXP 	window1: blendMode = 'avg'
83.1215 	EXP 	window1: blendMode = 'avg'
83.1312 	EXP 	text_4: text = ' '
83.1312 	EXP 	text_4: text = u' '
83.2007 	EXP 	window1: blendMode = 'avg'
83.2228 	EXP 	window1: blendMode = 'avg'
83.3028 	EXP 	window1: blendMode = 'avg'
83.3227 	EXP 	window1: blendMode = 'avg'
83.4286 	EXP 	window1: blendMode = 'avg'
83.4556 	EXP 	window1: blendMode = 'avg'
83.5388 	EXP 	window1: blendMode = 'avg'
83.5557 	EXP 	window1: blendMode = 'avg'
83.6800 	EXP 	window1: blendMode = 'avg'
83.7053 	EXP 	window1: blendMode = 'avg'
83.7998 	EXP 	window1: blendMode = 'avg'
83.8227 	EXP 	window1: blendMode = 'avg'
83.9019 	EXP 	window1: blendMode = 'avg'
83.9226 	EXP 	window1: blendMode = 'avg'
84.0287 	EXP 	window1: blendMode = 'avg'
84.0556 	EXP 	window1: blendMode = 'avg'
84.1218 	EXP 	window1: blendMode = 'avg'
84.1310 	EXP 	text_4: text = 'W'
84.1310 	EXP 	text_4: text = u'W'
84.1384 	EXP 	window1: blendMode = 'avg'
84.1558 	EXP 	window1: blendMode = 'avg'
84.2798 	EXP 	window1: blendMode = 'avg'
84.3055 	EXP 	window1: blendMode = 'avg'
84.4009 	EXP 	window1: blendMode = 'avg'
84.4218 	EXP 	window1: blendMode = 'avg'
84.5030 	EXP 	window1: blendMode = 'avg'
84.5216 	EXP 	window1: blendMode = 'avg'
84.6298 	EXP 	window1: blendMode = 'avg'
84.6561 	EXP 	window1: blendMode = 'avg'
84.7399 	EXP 	window1: blendMode = 'avg'
84.7716 	EXP 	window1: blendMode = 'avg'
84.8818 	EXP 	window1: blendMode = 'avg'
84.9049 	EXP 	window1: blendMode = 'avg'
85.0016 	EXP 	window1: blendMode = 'avg'
85.0217 	EXP 	window1: blendMode = 'avg'
85.1039 	EXP 	window1: blendMode = 'avg'
85.1217 	EXP 	window1: blendMode = 'avg'
85.1327 	EXP 	window1: blendMode = 'avg'
85.1472 	EXP 	text_4: text = ' '
85.1472 	EXP 	text_4: text = u' '
85.2299 	EXP 	window1: blendMode = 'avg'
85.2548 	EXP 	window1: blendMode = 'avg'
85.3398 	EXP 	window1: blendMode = 'avg'
85.3719 	EXP 	window1: blendMode = 'avg'
85.4818 	EXP 	window1: blendMode = 'avg'
85.5046 	EXP 	window1: blendMode = 'avg'
85.6018 	EXP 	window1: blendMode = 'avg'
85.6217 	EXP 	window1: blendMode = 'avg'
85.7035 	EXP 	window1: blendMode = 'avg'
85.7220 	EXP 	window1: blendMode = 'avg'
85.8307 	EXP 	window1: blendMode = 'avg'
85.8547 	EXP 	window1: blendMode = 'avg'
85.9412 	EXP 	window1: blendMode = 'avg'
85.9717 	EXP 	window1: blendMode = 'avg'
86.0818 	EXP 	window1: blendMode = 'avg'
86.1047 	EXP 	window1: blendMode = 'avg'
86.1218 	EXP 	window1: blendMode = 'avg'
86.1302 	EXP 	text_4: text = 'M'
86.1302 	EXP 	text_4: text = u'M'
86.2028 	EXP 	window1: blendMode = 'avg'
86.2218 	EXP 	window1: blendMode = 'avg'
86.3049 	EXP 	window1: blendMode = 'avg'
86.3217 	EXP 	window1: blendMode = 'avg'
86.4310 	EXP 	window1: blendMode = 'avg'
86.4547 	EXP 	window1: blendMode = 'avg'
86.5414 	EXP 	window1: blendMode = 'avg'
86.5718 	EXP 	window1: blendMode = 'avg'
86.6830 	EXP 	window1: blendMode = 'avg'
86.7046 	EXP 	window1: blendMode = 'avg'
86.8030 	EXP 	window1: blendMode = 'avg'
86.8207 	EXP 	window1: blendMode = 'avg'
86.9050 	EXP 	window1: blendMode = 'avg'
86.9209 	EXP 	window1: blendMode = 'avg'
87.0320 	EXP 	window1: blendMode = 'avg'
87.0548 	EXP 	window1: blendMode = 'avg'
87.1219 	EXP 	window1: blendMode = 'avg'
87.1299 	EXP 	text_4: text = ' '
87.1299 	EXP 	text_4: text = u' '
87.1409 	EXP 	window1: blendMode = 'avg'
87.1708 	EXP 	window1: blendMode = 'avg'
87.2829 	EXP 	window1: blendMode = 'avg'
87.3049 	EXP 	window1: blendMode = 'avg'
87.4095 	EXP 	window1: blendMode = 'avg'
87.4376 	EXP 	window1: blendMode = 'avg'
87.5060 	EXP 	window1: blendMode = 'avg'
87.5380 	EXP 	window1: blendMode = 'avg'
87.6319 	EXP 	window1: blendMode = 'avg'
87.6538 	EXP 	window1: blendMode = 'avg'
87.7420 	EXP 	window1: blendMode = 'avg'
87.7708 	EXP 	window1: blendMode = 'avg'
87.8843 	EXP 	window1: blendMode = 'avg'
87.9040 	EXP 	window1: blendMode = 'avg'
88.0040 	EXP 	window1: blendMode = 'avg'
88.0208 	EXP 	window1: blendMode = 'avg'
88.1060 	EXP 	window1: blendMode = 'avg'
88.1379 	EXP 	window1: blendMode = 'avg'
88.1479 	EXP 	window1: blendMode = 'avg'
88.1629 	EXP 	text_4: text = 'W'
88.1629 	EXP 	text_4: text = u'W'
88.2330 	EXP 	window1: blendMode = 'avg'
88.2540 	EXP 	window1: blendMode = 'avg'
88.3423 	EXP 	window1: blendMode = 'avg'
88.3709 	EXP 	window1: blendMode = 'avg'
88.4840 	EXP 	window1: blendMode = 'avg'
88.5040 	EXP 	window1: blendMode = 'avg'
88.6052 	EXP 	window1: blendMode = 'avg'
88.6208 	EXP 	window1: blendMode = 'avg'
88.7073 	EXP 	window1: blendMode = 'avg'
88.7372 	EXP 	window1: blendMode = 'avg'
88.8340 	EXP 	window1: blendMode = 'avg'
88.8539 	EXP 	window1: blendMode = 'avg'
88.9442 	EXP 	window1: blendMode = 'avg'
88.9711 	EXP 	window1: blendMode = 'avg'
89.0851 	EXP 	window1: blendMode = 'avg'
89.1042 	EXP 	window1: blendMode = 'avg'
89.1210 	EXP 	window1: blendMode = 'avg'
89.1293 	EXP 	text_4: text = ' '
89.1293 	EXP 	text_4: text = u' '
89.2062 	EXP 	window1: blendMode = 'avg'
89.2369 	EXP 	window1: blendMode = 'avg'
89.3080 	EXP 	window1: blendMode = 'avg'
89.3370 	EXP 	window1: blendMode = 'avg'
89.4340 	EXP 	window1: blendMode = 'avg'
89.4539 	EXP 	window1: blendMode = 'avg'
89.5442 	EXP 	window1: blendMode = 'avg'
89.5704 	EXP 	window1: blendMode = 'avg'
